2022-08-19 08:58:56,509 [INFO] Activator:177 - 


2022-08-19 08:58:56,511 [INFO] Activator:178 - !SESSION log4j initialized
2022-08-19 08:59:10,357 [INFO] McuFinderGlobals:39 - Set McuFinder mode to 2 (CubeIDE integrated)
2022-08-19 08:59:10,935 [INFO] ApplicationProperties:181 - Using Application install path: C:\ST\STM32CubeIDE_1.7.0\STM32CubeIDE\plugins\com.st.stm32cube.common.mx_6.3.0.202107141111
2022-08-19 08:59:10,956 [INFO] DbMcusXml:74 - Set database path to: C:\ST\STM32CubeIDE_1.7.0\STM32CubeIDE\plugins\com.st.stm32cube.common.mx_6.3.0.202107141111\\db\/mcu/
2022-08-19 08:59:10,957 [INFO] DbBoardsPdsc:56 - Set plugin database path to: C:\ST\STM32CubeIDE_1.7.0\STM32CubeIDE\plugins\com.st.stm32cube.common.mx_6.3.0.202107141111\\db\/plugins/boardmanager/
2022-08-19 08:59:10,957 [INFO] DbMcus:258 - Set plugin images path to: C:\ST\STM32CubeIDE_1.7.0\STM32CubeIDE\plugins\com.st.stm32cube.common.mx_6.3.0.202107141111\\db\/plugins/mcufinder/images/
2022-08-19 08:59:10,957 [INFO] DbBoards:264 - Set plugin images path to: C:\ST\STM32CubeIDE_1.7.0\STM32CubeIDE\plugins\com.st.stm32cube.common.mx_6.3.0.202107141111\\db\/plugins/mcufinder/images/
2022-08-19 08:59:10,957 [INFO] DbExamples:333 - Set plugin images path to: C:\ST\STM32CubeIDE_1.7.0\STM32CubeIDE\plugins\com.st.stm32cube.common.mx_6.3.0.202107141111\\db\/plugins/mcufinder/images/
2022-08-19 08:59:12,132 [ERROR] ApiFinderProperties:213 - Failed to read file additional_hw_images/X-NUCLEO-S2915A1.jpg: C:\Users\deng0091\.stmcufinder\plugins\mcufinder\mcu\additional_hw_images\X-NUCLEO-S2915A1.jpg (The system cannot find the path specified)
2022-08-19 08:59:12,132 [ERROR] ApiFinderProperties:213 - Failed to read file additional_hw_images/X-NUCLEO-S2868A2.jpg: C:\Users\deng0091\.stmcufinder\plugins\mcufinder\mcu\additional_hw_images\X-NUCLEO-S2868A2.jpg (The system cannot find the path specified)
2022-08-19 08:59:12,147 [ERROR] ApiFinderProperties:213 - Failed to read file additional_hw_images/X-NUCLEO-S2868A1.jpg: C:\Users\deng0091\.stmcufinder\plugins\mcufinder\mcu\additional_hw_images\X-NUCLEO-S2868A1.jpg (The system cannot find the path specified)
2022-08-19 08:59:12,147 [ERROR] ApiFinderProperties:213 - Failed to read file additional_hw_images/X-NUCLEO-NFC04A1.jpg: C:\Users\deng0091\.stmcufinder\plugins\mcufinder\mcu\additional_hw_images\X-NUCLEO-NFC04A1.jpg (The system cannot find the path specified)
2022-08-19 08:59:12,147 [ERROR] ApiFinderProperties:213 - Failed to read file additional_hw_images/X-NUCLEO-IDB05A2.jpg: C:\Users\deng0091\.stmcufinder\plugins\mcufinder\mcu\additional_hw_images\X-NUCLEO-IDB05A2.jpg (The system cannot find the path specified)
2022-08-19 08:59:12,147 [ERROR] ApiFinderProperties:213 - Failed to read file additional_hw_images/X-NUCLEO-EEPRMA2.jpg: C:\Users\deng0091\.stmcufinder\plugins\mcufinder\mcu\additional_hw_images\X-NUCLEO-EEPRMA2.jpg (The system cannot find the path specified)
2022-08-19 08:59:12,147 [ERROR] ApiFinderProperties:213 - Failed to read file additional_hw_images/X-NUCLEO-EEPRMA1.jpg: C:\Users\deng0091\.stmcufinder\plugins\mcufinder\mcu\additional_hw_images\X-NUCLEO-EEPRMA1.jpg (The system cannot find the path specified)
2022-08-19 08:59:12,164 [ERROR] ApiFinderProperties:213 - Failed to read file additional_hw_images/X-NUCLEO-6283A1.jpg: C:\Users\deng0091\.stmcufinder\plugins\mcufinder\mcu\additional_hw_images\X-NUCLEO-6283A1.jpg (The system cannot find the path specified)
2022-08-19 08:59:12,166 [ERROR] ApiFinderProperties:213 - Failed to read file additional_hw_images/VD6283TX.jpg: C:\Users\deng0091\.stmcufinder\plugins\mcufinder\mcu\additional_hw_images\VD6283TX.jpg (The system cannot find the path specified)
2022-08-19 08:59:12,167 [ERROR] ApiFinderProperties:213 - Failed to read file additional_hw_images/ST25DV04K.jpg: C:\Users\deng0091\.stmcufinder\plugins\mcufinder\mcu\additional_hw_images\ST25DV04K.jpg (The system cannot find the path specified)
2022-08-19 08:59:12,168 [ERROR] ApiFinderProperties:213 - Failed to read file additional_hw_images/S2-LP.jpg: C:\Users\deng0091\.stmcufinder\plugins\mcufinder\mcu\additional_hw_images\S2-LP.jpg (The system cannot find the path specified)
2022-08-19 08:59:12,170 [ERROR] ApiFinderProperties:213 - Failed to read file additional_hw_images/M95M04-DR.jpg: C:\Users\deng0091\.stmcufinder\plugins\mcufinder\mcu\additional_hw_images\M95M04-DR.jpg (The system cannot find the path specified)
2022-08-19 08:59:12,170 [ERROR] ApiFinderProperties:213 - Failed to read file additional_hw_images/M95M01-DF.jpg: C:\Users\deng0091\.stmcufinder\plugins\mcufinder\mcu\additional_hw_images\M95M01-DF.jpg (The system cannot find the path specified)
2022-08-19 08:59:12,170 [ERROR] ApiFinderProperties:213 - Failed to read file additional_hw_images/M95256-DF.jpg: C:\Users\deng0091\.stmcufinder\plugins\mcufinder\mcu\additional_hw_images\M95256-DF.jpg (The system cannot find the path specified)
2022-08-19 08:59:12,170 [ERROR] ApiFinderProperties:213 - Failed to read file additional_hw_images/M95040-R.jpg: C:\Users\deng0091\.stmcufinder\plugins\mcufinder\mcu\additional_hw_images\M95040-R.jpg (The system cannot find the path specified)
2022-08-19 08:59:12,170 [ERROR] ApiFinderProperties:213 - Failed to read file additional_hw_images/M24M01-DF.jpg: C:\Users\deng0091\.stmcufinder\plugins\mcufinder\mcu\additional_hw_images\M24M01-DF.jpg (The system cannot find the path specified)
2022-08-19 08:59:12,170 [ERROR] ApiFinderProperties:213 - Failed to read file additional_hw_images/M24C02-F.jpg: C:\Users\deng0091\.stmcufinder\plugins\mcufinder\mcu\additional_hw_images\M24C02-F.jpg (The system cannot find the path specified)
2022-08-19 08:59:12,170 [ERROR] ApiFinderProperties:213 - Failed to read file additional_hw_images/M24256-DF.jpg: C:\Users\deng0091\.stmcufinder\plugins\mcufinder\mcu\additional_hw_images\M24256-DF.jpg (The system cannot find the path specified)
2022-08-19 08:59:12,170 [ERROR] ApiFinderProperties:213 - Failed to read file additional_hw_images/BlueNRG-M0.jpg: C:\Users\deng0091\.stmcufinder\plugins\mcufinder\mcu\additional_hw_images\BlueNRG-M0.jpg (The system cannot find the path specified)
2022-08-19 08:59:12,269 [WARN] ApiFinderProperties:104 - C:\Users\deng0091\.stmcufinder\plugins\mcufinder\mcu\mcuFinder.mfd doesn't exist
2022-08-19 08:59:12,269 [INFO] DbMcusAds:119 - Set database path to: C:\Users\deng0091\.stmcufinder\plugins\mcufinder//mcu/
2022-08-19 08:59:12,269 [INFO] DbMcusDocs:110 - Set database path to: C:\Users\deng0091\.stmcufinder\plugins\mcufinder//mcu/
2022-08-19 08:59:12,269 [INFO] DbMcusJson:64 - Set database path to: C:\Users\deng0091\.stmcufinder\plugins\mcufinder//mcu/
2022-08-19 08:59:12,269 [INFO] DbBoardsDocs:110 - Set database path to: C:\Users\deng0091\.stmcufinder\plugins\mcufinder//mcu/
2022-08-19 08:59:12,269 [INFO] DbBoardsJson:57 - Set database path to: C:\Users\deng0091\.stmcufinder\plugins\mcufinder//mcu/
2022-08-19 08:59:12,285 [INFO] CrossReferenceDbSqlite:196 - Set database path to: C:\Users\deng0091\.stmcufinder\plugins\mcufinder//mcu/cs/
2022-08-19 08:59:12,285 [INFO] DbExamplesSqlite:767 - Set database path to: C:\Users\deng0091\.stmcufinder\plugins\mcufinder//mcu/
2022-08-19 08:59:12,385 [INFO] RulesReader:57 - Compatibility file has been processed (242 Rules)
2022-08-19 08:59:12,565 [INFO] DbMcusXml:74 - Set database path to: C:\ST\STM32CubeIDE_1.7.0\STM32CubeIDE\plugins\com.st.stm32cube.common.mx_6.3.0.202107141111\\db\/mcu/
2022-08-19 08:59:12,565 [INFO] DbBoardsPdsc:56 - Set plugin database path to: C:\ST\STM32CubeIDE_1.7.0\STM32CubeIDE\plugins\com.st.stm32cube.common.mx_6.3.0.202107141111\\db\/plugins/boardmanager/
2022-08-19 08:59:12,565 [INFO] DbMcus:258 - Set plugin images path to: C:\ST\STM32CubeIDE_1.7.0\STM32CubeIDE\plugins\com.st.stm32cube.common.mx_6.3.0.202107141111\\db\/plugins/mcufinder/images/
2022-08-19 08:59:12,565 [INFO] DbBoards:264 - Set plugin images path to: C:\ST\STM32CubeIDE_1.7.0\STM32CubeIDE\plugins\com.st.stm32cube.common.mx_6.3.0.202107141111\\db\/plugins/mcufinder/images/
2022-08-19 08:59:12,565 [INFO] DbExamples:333 - Set plugin images path to: C:\ST\STM32CubeIDE_1.7.0\STM32CubeIDE\plugins\com.st.stm32cube.common.mx_6.3.0.202107141111\\db\/plugins/mcufinder/images/
2022-08-19 08:59:12,566 [WARN] DbFile:35 - Overriding database path with different value: C:\Users\deng0091\.stmcufinder\plugins\mcufinder/ => C:\Users\deng0091\.stmcufinder\plugins\mcufinder
2022-08-19 08:59:12,566 [INFO] DbMcusAds:119 - Set database path to: C:\Users\deng0091\.stmcufinder\plugins\mcufinder//mcu/
2022-08-19 08:59:12,566 [WARN] DbFile:35 - Overriding database path with different value: C:\Users\deng0091\.stmcufinder\plugins\mcufinder/ => C:\Users\deng0091\.stmcufinder\plugins\mcufinder
2022-08-19 08:59:12,566 [INFO] DbMcusDocs:110 - Set database path to: C:\Users\deng0091\.stmcufinder\plugins\mcufinder//mcu/
2022-08-19 08:59:12,566 [WARN] DbFile:35 - Overriding database path with different value: C:\Users\deng0091\.stmcufinder\plugins\mcufinder/ => C:\Users\deng0091\.stmcufinder\plugins\mcufinder
2022-08-19 08:59:12,566 [INFO] DbMcusJson:64 - Set database path to: C:\Users\deng0091\.stmcufinder\plugins\mcufinder//mcu/
2022-08-19 08:59:12,566 [WARN] DbFile:35 - Overriding database path with different value: C:\Users\deng0091\.stmcufinder\plugins\mcufinder/ => C:\Users\deng0091\.stmcufinder\plugins\mcufinder
2022-08-19 08:59:12,566 [INFO] DbBoardsDocs:110 - Set database path to: C:\Users\deng0091\.stmcufinder\plugins\mcufinder//mcu/
2022-08-19 08:59:12,566 [WARN] DbFile:35 - Overriding database path with different value: C:\Users\deng0091\.stmcufinder\plugins\mcufinder/ => C:\Users\deng0091\.stmcufinder\plugins\mcufinder
2022-08-19 08:59:12,566 [INFO] DbBoardsJson:57 - Set database path to: C:\Users\deng0091\.stmcufinder\plugins\mcufinder//mcu/
2022-08-19 08:59:12,566 [WARN] DbFile:35 - Overriding database path with different value: C:\Users\deng0091\.stmcufinder\plugins\mcufinder/ => C:\Users\deng0091\.stmcufinder\plugins\mcufinder
2022-08-19 08:59:12,566 [WARN] DbFile:35 - Overriding database path with different value: C:\Users\deng0091\.stmcufinder\plugins\mcufinder/ => C:\Users\deng0091\.stmcufinder\plugins\mcufinder
2022-08-19 08:59:12,567 [INFO] CrossReferenceDbSqlite:196 - Set database path to: C:\Users\deng0091\.stmcufinder\plugins\mcufinder//mcu/cs/
2022-08-19 08:59:12,567 [WARN] DbFile:35 - Overriding database path with different value: C:\Users\deng0091\.stmcufinder\plugins\mcufinder/ => C:\Users\deng0091\.stmcufinder\plugins\mcufinder
2022-08-19 08:59:12,567 [INFO] DbExamplesSqlite:767 - Set database path to: C:\Users\deng0091\.stmcufinder\plugins\mcufinder//mcu/
2022-08-19 08:59:12,648 [INFO] MainPanel:214 - HeapMemory: 268435456
2022-08-19 08:59:12,732 [INFO] DbMcusXml:74 - Set database path to: C:\ST\STM32CubeIDE_1.7.0\STM32CubeIDE\plugins\com.st.stm32cube.common.mx_6.3.0.202107141111\\db\/mcu/
2022-08-19 08:59:12,732 [INFO] DbBoardsPdsc:56 - Set plugin database path to: C:\ST\STM32CubeIDE_1.7.0\STM32CubeIDE\plugins\com.st.stm32cube.common.mx_6.3.0.202107141111\\db\/plugins/boardmanager/
2022-08-19 08:59:12,732 [INFO] DbMcus:258 - Set plugin images path to: C:\ST\STM32CubeIDE_1.7.0\STM32CubeIDE\plugins\com.st.stm32cube.common.mx_6.3.0.202107141111\\db\/plugins/mcufinder/images/
2022-08-19 08:59:12,732 [INFO] DbBoards:264 - Set plugin images path to: C:\ST\STM32CubeIDE_1.7.0\STM32CubeIDE\plugins\com.st.stm32cube.common.mx_6.3.0.202107141111\\db\/plugins/mcufinder/images/
2022-08-19 08:59:12,732 [INFO] DbExamples:333 - Set plugin images path to: C:\ST\STM32CubeIDE_1.7.0\STM32CubeIDE\plugins\com.st.stm32cube.common.mx_6.3.0.202107141111\\db\/plugins/mcufinder/images/
2022-08-19 08:59:12,732 [WARN] DbFile:35 - Overriding database path with different value: C:\Users\deng0091\.stmcufinder\plugins\mcufinder/ => C:\Users\deng0091\.stmcufinder\plugins\mcufinder
2022-08-19 08:59:12,732 [INFO] DbMcusAds:119 - Set database path to: C:\Users\deng0091\.stmcufinder\plugins\mcufinder//mcu/
2022-08-19 08:59:12,732 [WARN] DbFile:35 - Overriding database path with different value: C:\Users\deng0091\.stmcufinder\plugins\mcufinder/ => C:\Users\deng0091\.stmcufinder\plugins\mcufinder
2022-08-19 08:59:12,732 [INFO] DbMcusDocs:110 - Set database path to: C:\Users\deng0091\.stmcufinder\plugins\mcufinder//mcu/
2022-08-19 08:59:12,732 [WARN] DbFile:35 - Overriding database path with different value: C:\Users\deng0091\.stmcufinder\plugins\mcufinder/ => C:\Users\deng0091\.stmcufinder\plugins\mcufinder
2022-08-19 08:59:12,732 [INFO] DbMcusJson:64 - Set database path to: C:\Users\deng0091\.stmcufinder\plugins\mcufinder//mcu/
2022-08-19 08:59:12,732 [WARN] DbFile:35 - Overriding database path with different value: C:\Users\deng0091\.stmcufinder\plugins\mcufinder/ => C:\Users\deng0091\.stmcufinder\plugins\mcufinder
2022-08-19 08:59:12,732 [INFO] DbBoardsDocs:110 - Set database path to: C:\Users\deng0091\.stmcufinder\plugins\mcufinder//mcu/
2022-08-19 08:59:12,732 [WARN] DbFile:35 - Overriding database path with different value: C:\Users\deng0091\.stmcufinder\plugins\mcufinder/ => C:\Users\deng0091\.stmcufinder\plugins\mcufinder
2022-08-19 08:59:12,732 [INFO] DbBoardsJson:57 - Set database path to: C:\Users\deng0091\.stmcufinder\plugins\mcufinder//mcu/
2022-08-19 08:59:12,732 [WARN] DbFile:35 - Overriding database path with different value: C:\Users\deng0091\.stmcufinder\plugins\mcufinder/ => C:\Users\deng0091\.stmcufinder\plugins\mcufinder
2022-08-19 08:59:12,732 [WARN] DbFile:35 - Overriding database path with different value: C:\Users\deng0091\.stmcufinder\plugins\mcufinder/ => C:\Users\deng0091\.stmcufinder\plugins\mcufinder
2022-08-19 08:59:12,732 [INFO] CrossReferenceDbSqlite:196 - Set database path to: C:\Users\deng0091\.stmcufinder\plugins\mcufinder//mcu/cs/
2022-08-19 08:59:12,732 [WARN] DbFile:35 - Overriding database path with different value: C:\Users\deng0091\.stmcufinder\plugins\mcufinder/ => C:\Users\deng0091\.stmcufinder\plugins\mcufinder
2022-08-19 08:59:12,732 [INFO] DbExamplesSqlite:767 - Set database path to: C:\Users\deng0091\.stmcufinder\plugins\mcufinder//mcu/
2022-08-19 08:59:12,766 [INFO] ApplicationProperties:181 - Using Application install path: C:\ST\STM32CubeIDE_1.7.0\STM32CubeIDE\plugins\com.st.stm32cube.common.mx_6.3.0.202107141111
2022-08-19 08:59:12,767 [INFO] PluginManage:188 - Search for loadable plugins [exclusion list=, ]
2022-08-19 08:59:12,768 [INFO] PluginManage:302 - Check plugin analytics
2022-08-19 08:59:12,902 [INFO] AnalyticsPlugin:257 - Accepted Software Licenses: 
2022-08-19 08:59:12,902 [INFO] AnalyticsPlugin:259 - Accepted CMSIS Pack Licenses: 
2022-08-19 08:59:12,902 [INFO] AnalyticsPlugin:261 - Accepted Firmware Licenses: 
2022-08-19 08:59:12,902 [INFO] PluginManage:352 - Loaded plugin analytics (category:tool,tabindex:-1)
2022-08-19 08:59:12,902 [INFO] PluginManage:302 - Check plugin clock
2022-08-19 08:59:12,933 [INFO] PluginManage:352 - Loaded plugin clock (category:base,tabindex:2)
2022-08-19 08:59:12,933 [INFO] PluginManage:302 - Check plugin ddr
2022-08-19 08:59:12,949 [INFO] PluginManage:352 - Loaded plugin ddr (category:tool,tabindex:6)
2022-08-19 08:59:12,949 [INFO] PluginManage:302 - Check plugin filemanager
2022-08-19 08:59:13,102 [INFO] PluginManage:352 - Loaded plugin filemanager (category:base,tabindex:10)
2022-08-19 08:59:13,102 [INFO] PluginManage:302 - Check plugin ipmanager
2022-08-19 08:59:13,102 [INFO] PluginManage:352 - Loaded plugin ipmanager (category:base,tabindex:5)
2022-08-19 08:59:13,102 [INFO] PluginManage:302 - Check plugin pinoutandconfiguration
2022-08-19 08:59:13,186 [INFO] PluginManage:352 - Loaded plugin pinoutandconfiguration (category:base,tabindex:1)
2022-08-19 08:59:13,186 [INFO] PluginManage:302 - Check plugin pinoutconfig
2022-08-19 08:59:13,270 [INFO] PluginManage:352 - Loaded plugin pinoutconfig (category:base,tabindex:0)
2022-08-19 08:59:13,270 [INFO] PluginManage:302 - Check plugin power
2022-08-19 08:59:13,317 [INFO] PluginManage:352 - Loaded plugin power (category:power,tabindex:4)
2022-08-19 08:59:13,317 [INFO] PluginManage:302 - Check plugin projectmanager
2022-08-19 08:59:13,333 [INFO] PluginManage:352 - Loaded plugin projectmanager (category:projectmanager,tabindex:3)
2022-08-19 08:59:13,333 [INFO] PluginManage:302 - Check plugin thirdparty
2022-08-19 08:59:13,817 [WARN] IntegrityCheckThread:78 - waiting for thirdparty lock release [integrity check]
2022-08-19 08:59:13,817 [INFO] IntegrityCheckThread:80 - entering critical section [integrity check]
2022-08-19 08:59:13,817 [INFO] PluginManage:352 - Loaded plugin thirdparty (category:base,tabindex:-1)
2022-08-19 08:59:13,817 [INFO] ThirdPartyUpdaterWithRetryManager:66 - Updater plugin not ready yet. [1/15]
2022-08-19 08:59:13,817 [INFO] PluginManage:302 - Check plugin tools
2022-08-19 08:59:13,848 [INFO] PluginManage:352 - Loaded plugin tools (category:base,tabindex:7)
2022-08-19 08:59:13,848 [INFO] PluginManage:302 - Check plugin tutovideos
2022-08-19 08:59:14,117 [INFO] PluginManage:352 - Loaded plugin tutovideos (category:base,tabindex:-1)
2022-08-19 08:59:14,117 [INFO] PluginManage:302 - Check plugin updater
2022-08-19 08:59:14,117 [INFO] PluginManage:352 - Loaded plugin updater (category:base,tabindex:12)
2022-08-19 08:59:14,133 [INFO] PluginManage:275 - PluginManage : Loaded plugins [13]
2022-08-19 08:59:14,349 [INFO] PinOutPanel:1463 - setPackage(No Configuration,No Configuration)
2022-08-19 08:59:14,534 [INFO] IPUIPlugin:74 - create IPUIPlugin
2022-08-19 08:59:14,534 [INFO] PluginManager:213 - loadIPPluginJar : add adc
2022-08-19 08:59:14,549 [INFO] IPUIPlugin:74 - create IPUIPlugin
2022-08-19 08:59:14,549 [INFO] PluginManager:213 - loadIPPluginJar : add aes
2022-08-19 08:59:14,587 [INFO] IPUIPlugin:74 - create IPUIPlugin
2022-08-19 08:59:14,587 [INFO] PluginManager:213 - loadIPPluginJar : add can
2022-08-19 08:59:14,618 [INFO] IPUIPlugin:74 - create IPUIPlugin
2022-08-19 08:59:14,618 [INFO] PluginManager:213 - loadIPPluginJar : add comp
2022-08-19 08:59:14,649 [INFO] IPUIPlugin:74 - create IPUIPlugin
2022-08-19 08:59:14,649 [INFO] PluginManager:213 - loadIPPluginJar : add cryp
2022-08-19 08:59:14,687 [INFO] IPUIPlugin:74 - create IPUIPlugin
2022-08-19 08:59:14,687 [INFO] PluginManager:213 - loadIPPluginJar : add dfsdm
2022-08-19 08:59:14,718 [INFO] IPUIPlugin:74 - create IPUIPlugin
2022-08-19 08:59:14,718 [INFO] PluginManager:213 - loadIPPluginJar : add dma
2022-08-19 08:59:14,749 [INFO] IPUIPlugin:74 - create IPUIPlugin
2022-08-19 08:59:14,749 [INFO] PluginManager:213 - loadIPPluginJar : add dma3
2022-08-19 08:59:14,771 [INFO] IPUIPlugin:74 - create IPUIPlugin
2022-08-19 08:59:14,771 [INFO] PluginManager:213 - loadIPPluginJar : add fatfs
2022-08-19 08:59:14,818 [INFO] IPUIPlugin:74 - create IPUIPlugin
2022-08-19 08:59:14,818 [INFO] PluginManager:213 - loadIPPluginJar : add fmc
2022-08-19 08:59:14,887 [INFO] IPUIPlugin:74 - create IPUIPlugin
2022-08-19 08:59:14,887 [INFO] PluginManager:213 - loadIPPluginJar : add freertos
2022-08-19 08:59:14,902 [INFO] IPUIPlugin:74 - create IPUIPlugin
2022-08-19 08:59:14,902 [INFO] PluginManager:213 - loadIPPluginJar : add genericplugin
2022-08-19 08:59:14,971 [INFO] IPUIPlugin:74 - create IPUIPlugin
2022-08-19 08:59:14,971 [INFO] PluginManager:213 - loadIPPluginJar : add gfxmmu
2022-08-19 08:59:15,018 [INFO] IPUIPlugin:74 - create IPUIPlugin
2022-08-19 08:59:15,018 [INFO] PluginManager:213 - loadIPPluginJar : add gic
2022-08-19 08:59:15,049 [INFO] IPUIPlugin:74 - create IPUIPlugin
2022-08-19 08:59:15,049 [INFO] PluginManager:213 - loadIPPluginJar : add gpio
2022-08-19 08:59:15,087 [INFO] IPUIPlugin:74 - create IPUIPlugin
2022-08-19 08:59:15,087 [INFO] PluginManager:213 - loadIPPluginJar : add gtzc
2022-08-19 08:59:15,118 [INFO] IPUIPlugin:74 - create IPUIPlugin
2022-08-19 08:59:15,118 [INFO] PluginManager:213 - loadIPPluginJar : add hash
2022-08-19 08:59:15,165 [INFO] IPUIPlugin:74 - create IPUIPlugin
2022-08-19 08:59:15,166 [INFO] PluginManager:213 - loadIPPluginJar : add i2c
2022-08-19 08:59:15,187 [INFO] IPUIPlugin:74 - create IPUIPlugin
2022-08-19 08:59:15,187 [INFO] PluginManager:213 - loadIPPluginJar : add i2s
2022-08-19 08:59:15,218 [INFO] IPUIPlugin:74 - create IPUIPlugin
2022-08-19 08:59:15,218 [INFO] PluginManager:213 - loadIPPluginJar : add ipddr
2022-08-19 08:59:15,272 [INFO] IPUIPlugin:74 - create IPUIPlugin
2022-08-19 08:59:15,272 [INFO] PluginManager:213 - loadIPPluginJar : add linkedlist
2022-08-19 08:59:15,303 [INFO] IPUIPlugin:74 - create IPUIPlugin
2022-08-19 08:59:15,303 [INFO] PluginManager:213 - loadIPPluginJar : add lorawan
2022-08-19 08:59:15,318 [INFO] IPUIPlugin:74 - create IPUIPlugin
2022-08-19 08:59:15,318 [INFO] PluginManager:213 - loadIPPluginJar : add ltdc
2022-08-19 08:59:15,350 [INFO] IPUIPlugin:74 - create IPUIPlugin
2022-08-19 08:59:15,350 [INFO] PluginManager:213 - loadIPPluginJar : add mdma
2022-08-19 08:59:15,625 [INFO] IPUIPlugin:74 - create IPUIPlugin
2022-08-19 08:59:15,625 [INFO] PluginManager:213 - loadIPPluginJar : add nvic
2022-08-19 08:59:15,665 [INFO] IPUIPlugin:74 - create IPUIPlugin
2022-08-19 08:59:15,666 [INFO] PluginManager:213 - loadIPPluginJar : add opamp
2022-08-19 08:59:15,694 [INFO] IPUIPlugin:74 - create IPUIPlugin
2022-08-19 08:59:15,694 [INFO] PluginManager:213 - loadIPPluginJar : add openamp
2022-08-19 08:59:15,714 [INFO] IPUIPlugin:74 - create IPUIPlugin
2022-08-19 08:59:15,714 [INFO] PluginManager:213 - loadIPPluginJar : add pdm2pcm
2022-08-19 08:59:15,752 [INFO] IPUIPlugin:74 - create IPUIPlugin
2022-08-19 08:59:15,752 [INFO] PluginManager:213 - loadIPPluginJar : add plateformsettings
2022-08-19 08:59:15,768 [INFO] IPUIPlugin:74 - create IPUIPlugin
2022-08-19 08:59:15,768 [INFO] PluginManager:213 - loadIPPluginJar : add quadspi
2022-08-19 08:59:15,799 [INFO] IPUIPlugin:74 - create IPUIPlugin
2022-08-19 08:59:15,799 [INFO] PluginManager:213 - loadIPPluginJar : add resmgrutility
2022-08-19 08:59:15,831 [INFO] IPUIPlugin:74 - create IPUIPlugin
2022-08-19 08:59:15,831 [INFO] PluginManager:213 - loadIPPluginJar : add sai
2022-08-19 08:59:15,868 [INFO] IPUIPlugin:74 - create IPUIPlugin
2022-08-19 08:59:15,868 [INFO] PluginManager:213 - loadIPPluginJar : add spi
2022-08-19 08:59:15,899 [INFO] IPUIPlugin:74 - create IPUIPlugin
2022-08-19 08:59:15,899 [INFO] PluginManager:213 - loadIPPluginJar : add stm32_wpan
2022-08-19 08:59:15,915 [INFO] IPUIPlugin:74 - create IPUIPlugin
2022-08-19 08:59:15,915 [INFO] PluginManager:213 - loadIPPluginJar : add tim
2022-08-19 08:59:15,952 [INFO] IPUIPlugin:74 - create IPUIPlugin
2022-08-19 08:59:15,952 [INFO] PluginManager:213 - loadIPPluginJar : add touchsensing
2022-08-19 08:59:15,968 [INFO] IPUIPlugin:74 - create IPUIPlugin
2022-08-19 08:59:15,968 [INFO] PluginManager:213 - loadIPPluginJar : add tracer_emb
2022-08-19 08:59:15,984 [INFO] IPUIPlugin:74 - create IPUIPlugin
2022-08-19 08:59:15,984 [INFO] PluginManager:213 - loadIPPluginJar : add ts
2022-08-19 08:59:16,015 [INFO] IPUIPlugin:74 - create IPUIPlugin
2022-08-19 08:59:16,015 [INFO] PluginManager:213 - loadIPPluginJar : add tsc
2022-08-19 08:59:16,068 [INFO] IPUIPlugin:74 - create IPUIPlugin
2022-08-19 08:59:16,068 [INFO] PluginManager:213 - loadIPPluginJar : add ucpd
2022-08-19 08:59:16,100 [INFO] IPUIPlugin:74 - create IPUIPlugin
2022-08-19 08:59:16,100 [INFO] PluginManager:213 - loadIPPluginJar : add usart
2022-08-19 08:59:16,149 [INFO] IPUIPlugin:74 - create IPUIPlugin
2022-08-19 08:59:16,149 [INFO] PluginManager:213 - loadIPPluginJar : add usbx
2022-08-19 08:59:16,500 [FATAL] Updater:294 - Updater called before beeing initialized
2022-08-19 08:59:16,632 [FATAL] Updater:294 - Updater called before beeing initialized
2022-08-19 08:59:16,632 [INFO] DbMcusAds:47 - JSON generation date=Tue May 11 23:32:49 SGT 2021 (1620747169502)
2022-08-19 08:59:16,632 [FATAL] Updater:294 - Updater called before beeing initialized
2022-08-19 08:59:16,716 [WARN] DetailPanel:314 - Failed to get advertising image, set to default
2022-08-19 08:59:16,816 [FATAL] Updater:294 - Updater called before beeing initialized
2022-08-19 08:59:16,832 [INFO] ThirdPartyUpdaterWithRetryManager:66 - Updater plugin not ready yet. [2/15]
2022-08-19 08:59:16,832 [FATAL] Updater:294 - Updater called before beeing initialized
2022-08-19 08:59:16,832 [FATAL] Updater:294 - Updater called before beeing initialized
2022-08-19 08:59:16,832 [WARN] DetailPanel:314 - Failed to get advertising image, set to default
2022-08-19 08:59:16,832 [FATAL] Updater:294 - Updater called before beeing initialized
2022-08-19 08:59:16,885 [ERROR] Updater:1075 - MainUpdater not yet initialized. External WinMGr cannot be set.
2022-08-19 08:59:16,885 [INFO] Updater:1012 - Updater Version found : 6.3.0
2022-08-19 08:59:16,900 [INFO] ApplicationProperties:181 - Using Application install path: C:\ST\STM32CubeIDE_1.7.0\STM32CubeIDE\plugins\com.st.stm32cube.common.mx_6.3.0.202107141111
2022-08-19 08:59:16,948 [INFO] MainUpdater:489 - Copy updater definitions from MX database
2022-08-19 08:59:16,969 [INFO] MainUpdater:522 - Copy flag file definitions from MX database
2022-08-19 08:59:16,984 [INFO] MainUpdater:538 - Copy thirdparty index definitions from MX database
2022-08-19 08:59:17,216 [INFO] MainUpdater:557 - Copy default thirdparty db definitions from MX database
2022-08-19 08:59:17,316 [INFO] MainUpdater:2671 - connection check result : 10
2022-08-19 08:59:17,316 [INFO] MainUpdater:3359 - Updater definition file requires update
2022-08-19 08:59:17,332 [INFO] MainUpdater:265 - Updater Check For Update Now.
2022-08-19 08:59:17,332 [INFO] MicroXplorer:478 - Change Database Version : DB.6.0.30
2022-08-19 08:59:17,370 [INFO] ServerAccessManage:362 - Download File updaters.zip
2022-08-19 08:59:17,554 [INFO] FileExtend:235 - Unzip File : updaters.zip
2022-08-19 08:59:17,554 [INFO] FileExtend:250 - Standard Zip Deflate
2022-08-19 08:59:18,818 [INFO] ServerAccessManage:362 - Download File PacksControlFlags.xml
2022-08-19 08:59:18,888 [INFO] ServerAccessManage:362 - Download File cubemx.pidx
2022-08-19 08:59:18,972 [INFO] ServerAccessManage:362 - Download File STMicroelectronics.FP-ATR-ASTRA1.pdsc
2022-08-19 08:59:19,019 [INFO] ServerAccessManage:362 - Download File STMicroelectronics.X-CUBE-AI.pdsc
2022-08-19 08:59:19,119 [INFO] ServerAccessManage:362 - Download File STMicroelectronics.X-CUBE-ALS.pdsc
2022-08-19 08:59:19,172 [INFO] ServerAccessManage:362 - Download File STMicroelectronics.X-CUBE-BLE1.pdsc
2022-08-19 08:59:19,635 [ERROR] ServerAccessManage:974 - Problem, file not found on Server
2022-08-19 08:59:19,657 [INFO] ServerAccessManage:362 - Download File STMicroelectronics.X-CUBE-BLE2.pdsc
2022-08-19 08:59:19,836 [WARN] MainUpdater:1122 - Updater busy. Cannot search thirdparties
2022-08-19 08:59:19,836 [INFO] ThirdPartyUpdaterWithRetryManager:92 - Updater plugin is busy. [1/15]
2022-08-19 08:59:19,989 [INFO] ServerAccessManage:362 - Download File STMicroelectronics.X-CUBE-BLEMGR.pdsc
2022-08-19 08:59:20,057 [INFO] ServerAccessManage:362 - Download File STMicroelectronics.X-CUBE-DISPLAY.pdsc
2022-08-19 08:59:20,136 [INFO] ServerAccessManage:362 - Download File STMicroelectronics.X-CUBE-EEPRMA1.pdsc
2022-08-19 08:59:20,220 [INFO] ServerAccessManage:362 - Download File STMicroelectronics.X-CUBE-GNSS1.pdsc
2022-08-19 08:59:20,720 [ERROR] ServerAccessManage:974 - Problem, file not found on Server
2022-08-19 08:59:21,105 [ERROR] ServerAccessManage:974 - Problem, file not found on Server
2022-08-19 08:59:21,505 [ERROR] ServerAccessManage:974 - Problem, file not found on Server
2022-08-19 08:59:21,905 [ERROR] ServerAccessManage:974 - Problem, file not found on Server
2022-08-19 08:59:22,305 [ERROR] ServerAccessManage:974 - Problem, file not found on Server
2022-08-19 08:59:22,506 [ERROR] ServerAccessManage:974 - Problem, file not found on Server
2022-08-19 08:59:22,522 [INFO] ServerAccessManage:362 - Download File STMicroelectronics.X-CUBE-ISPU.pdsc
2022-08-19 08:59:22,559 [INFO] ServerAccessManage:362 - Download File STMicroelectronics.X-CUBE-MEMS1.pdsc
2022-08-19 08:59:22,759 [INFO] ServerAccessManage:362 - Download File STMicroelectronics.X-CUBE-NFC4.pdsc
2022-08-19 08:59:22,837 [WARN] MainUpdater:1122 - Updater busy. Cannot search thirdparties
2022-08-19 08:59:22,837 [INFO] ThirdPartyUpdaterWithRetryManager:92 - Updater plugin is busy. [2/15]
2022-08-19 08:59:22,859 [INFO] ServerAccessManage:362 - Download File STMicroelectronics.X-CUBE-NFC7.pdsc
2022-08-19 08:59:22,906 [INFO] ServerAccessManage:362 - Download File STMicroelectronics.X-CUBE-SFXS2LP1.pdsc
2022-08-19 08:59:22,975 [INFO] ServerAccessManage:362 - Download File STMicroelectronics.X-CUBE-SUBG2.pdsc
2022-08-19 08:59:23,106 [INFO] ServerAccessManage:362 - Download File STMicroelectronics.X-CUBE-TOF1.pdsc
2022-08-19 08:59:23,359 [ERROR] ServerAccessManage:974 - Problem, file not found on Server
2022-08-19 08:59:23,375 [INFO] ServerAccessManage:362 - Download File STMicroelectronics.X-CUBE-TOUCHGFX.pdsc
2022-08-19 08:59:23,475 [INFO] ServerAccessManage:362 - Download File STMicroelectronics.X-CUBE-ALGOBUILD.pdsc
2022-08-19 08:59:23,560 [INFO] ServerAccessManage:362 - Download File STMicroelectronics.X-CUBE-AZRTOS-H7.pdsc
2022-08-19 08:59:23,657 [INFO] ServerAccessManage:362 - Download File STMicroelectronics.X-CUBE-AZRTOS-F4.pdsc
2022-08-19 08:59:23,775 [INFO] ServerAccessManage:362 - Download File STMicroelectronics.X-CUBE-AZRTOS-F7.pdsc
2022-08-19 08:59:24,107 [INFO] ServerAccessManage:362 - Download File STMicroelectronics.X-CUBE-AZRTOS-L4.pdsc
2022-08-19 08:59:24,192 [INFO] ServerAccessManage:362 - Download File STMicroelectronics.X-CUBE-AZRTOS-L5.pdsc
2022-08-19 08:59:24,292 [INFO] ServerAccessManage:362 - Download File STMicroelectronics.X-CUBE-AZRTOS-G0.pdsc
2022-08-19 08:59:24,376 [INFO] ServerAccessManage:362 - Download File STMicroelectronics.X-CUBE-AZRTOS-G4.pdsc
2022-08-19 08:59:24,460 [INFO] ServerAccessManage:362 - Download File STMicroelectronics.X-CUBE-AZRTOS-WL.pdsc
2022-08-19 08:59:25,540 [INFO] ServerAccessManage:362 - Download File wolfSSL.I-CUBE-wolfSSL.pdsc
2022-08-19 08:59:25,841 [WARN] MainUpdater:1122 - Updater busy. Cannot search thirdparties
2022-08-19 08:59:25,841 [INFO] ThirdPartyUpdaterWithRetryManager:92 - Updater plugin is busy. [3/15]
2022-08-19 08:59:28,043 [INFO] MainUpdater:2671 - connection check result : 10
2022-08-19 08:59:28,844 [WARN] MainUpdater:1122 - Updater busy. Cannot search thirdparties
2022-08-19 08:59:28,844 [INFO] ThirdPartyUpdaterWithRetryManager:92 - Updater plugin is busy. [4/15]
2022-08-19 08:59:31,859 [WARN] MainUpdater:1122 - Updater busy. Cannot search thirdparties
2022-08-19 08:59:31,859 [INFO] ThirdPartyUpdaterWithRetryManager:92 - Updater plugin is busy. [5/15]
2022-08-19 08:59:34,862 [WARN] MainUpdater:1122 - Updater busy. Cannot search thirdparties
2022-08-19 08:59:34,862 [INFO] ThirdPartyUpdaterWithRetryManager:92 - Updater plugin is busy. [6/15]
2022-08-19 08:59:35,315 [ERROR] ServerAccessManage:974 - Problem, file not found on Server
2022-08-19 08:59:36,707 [ERROR] ServerAccessManage:974 - Problem, file not found on Server
2022-08-19 08:59:37,867 [WARN] MainUpdater:1122 - Updater busy. Cannot search thirdparties
2022-08-19 08:59:37,867 [INFO] ThirdPartyUpdaterWithRetryManager:92 - Updater plugin is busy. [7/15]
2022-08-19 08:59:38,139 [ERROR] ServerAccessManage:974 - Problem, file not found on Server
2022-08-19 08:59:39,067 [INFO] McuFinderGlobals:52 - Set McuFinderConnectedMode to false
2022-08-19 08:59:39,167 [INFO] CrossSelectorPresenter:1330 - Cross Selector saved comparison directory: C:\Users\deng0091\.stmcufinder\plugins\mcufinder\mcu\cs_comparisons_mx
2022-08-19 08:59:39,167 [INFO] MultiScanPanel:197 - Auto-refresh data requested => check proxy status ongoing
2022-08-19 08:59:39,167 [INFO] MultiScanPanel:201 - Proxy status is invalid
2022-08-19 08:59:39,183 [INFO] FinderPluginLoader:87 - Searching for filters in installed packs
2022-08-19 08:59:39,183 [INFO] DbMcusXml:100 - Load MCU database from C:\ST\STM32CubeIDE_1.7.0\STM32CubeIDE\plugins\com.st.stm32cube.common.mx_6.3.0.202107141111\\db\/mcu/families.xml
2022-08-19 08:59:39,198 [INFO] ServerAccessManage:362 - Download File RoweBots.I-CUBE-UNISONRTOS.pdsc
2022-08-19 08:59:40,116 [INFO] DbMcusJson:93 - JSON generation date=Mon Jun 07 16:53:21 SGT 2021 (1623056001)
2022-08-19 08:59:40,601 [INFO] DbMcus:175 - Found 1951 MCUs (1903 are supported by CubeMX, 1903 are visible in CubeMX)
2022-08-19 08:59:40,601 [INFO] ApiDb:242 - User favorites file not found: C:\Users\deng0091/.stm32cubeide/favorites.mcus.txt
2022-08-19 08:59:40,601 [INFO] DbMcus:187 - Set 0 / 0 favorites MCUs
2022-08-19 08:59:40,870 [WARN] MainUpdater:1122 - Updater busy. Cannot search thirdparties
2022-08-19 08:59:40,870 [INFO] ThirdPartyUpdaterWithRetryManager:92 - Updater plugin is busy. [8/15]
2022-08-19 08:59:41,018 [WARN] DetailPanel:314 - Failed to get advertising image, set to default
2022-08-19 08:59:41,356 [INFO] DbBoardsPdsc:90 - Found 25 items
2022-08-19 08:59:41,356 [INFO] DbBoardsPdsc:90 - Found 9 items
2022-08-19 08:59:41,372 [INFO] DbBoardsPdsc:90 - Found 33 items
2022-08-19 08:59:41,387 [INFO] DbBoardsPdsc:90 - Found 1 items
2022-08-19 08:59:41,387 [INFO] DbBoardsPdsc:90 - Found 48 items
2022-08-19 08:59:41,403 [INFO] DbBoardsPdsc:90 - Found 43 items
2022-08-19 08:59:41,418 [INFO] DbBoardsPdsc:90 - Found 2 items
2022-08-19 08:59:41,434 [INFO] DbBoardsPdsc:90 - Found 5 items
2022-08-19 08:59:41,434 [WARN] DbBoardsPdsc:254 - Board STM32H7B3I-DK: unknown feature type=Audio, name=, username=Audio stereo codec with Headphone Amp (CS42L51-CNZ), n=1
2022-08-19 08:59:41,434 [WARN] DbBoardsPdsc:254 - Board STM32H735G-DK: unknown feature type=Audio, name=, username=Audio stereo codec with Headphone Amp (WM8994ECS/R), n=1
2022-08-19 08:59:41,434 [WARN] DbBoardsPdsc:254 - Board STM32H7B3I-EVAL: unknown feature type=Audio, name=, username=Multi-Channel Audio Codec (CS42L51-CNZ), n=1
2022-08-19 08:59:41,434 [WARN] DbBoardsPdsc:254 - Board STM32H7B3I-EVAL: unknown feature type=Meter, name=, username=Power-metering and Temperature-monitoring with sigma-delta modulators, n=1
2022-08-19 08:59:41,434 [WARN] DbBoardsPdsc:254 - Board STM32H7B3I-EVAL: unknown feature type=Motor, name=, username=Motor Control, n=1
2022-08-19 08:59:41,434 [WARN] DbBoardsPdsc:254 - Board STM32U575I-EV: unknown feature type=joystick, name=, username=4-direction joystick with selection button, n=1
2022-08-19 08:59:41,454 [INFO] DbBoardsJson:86 - JSON generation date=Tue Jun 01 13:52:40 SGT 2021 (1622526760)
2022-08-19 08:59:41,456 [INFO] DbBoards:117 - Found 166 boards (163 are supported by CubeMX)
2022-08-19 08:59:41,487 [INFO] DbBoardsDocs:143 - JSON generation date=Tue Jun 01 13:52:40 SGT 2021 (1622526760)
2022-08-19 08:59:41,503 [INFO] DbBoardsDocs:79 - Found 193 boards documents
2022-08-19 08:59:41,503 [WARN] DbBoards:127 - board B-L462E-CELL1 has no document id list !
2022-08-19 08:59:41,503 [WARN] DbBoards:127 - board B-L475E-IOT01A2 has no document id list !
2022-08-19 08:59:41,503 [WARN] DbBoards:127 - board B-U585I-IOT02A has no document id list !
2022-08-19 08:59:41,503 [WARN] DbBoards:127 - board NUCLEO-G0B1RE has no document id list !
2022-08-19 08:59:41,503 [WARN] DbBoards:127 - board NUCLEO-H743ZI has no document id list !
2022-08-19 08:59:41,503 [WARN] DbBoards:127 - board NUCLEO-L4A6ZG has no document id list !
2022-08-19 08:59:41,503 [WARN] DbBoards:127 - board NUCLEO-U575ZI-Q has no document id list !
2022-08-19 08:59:41,503 [WARN] DbBoards:127 - board NUCLEO-WB15CC has no document id list !
2022-08-19 08:59:41,503 [WARN] DbBoards:127 - board NUCLEO-WB55RG has no document id list !
2022-08-19 08:59:41,503 [WARN] DbBoards:127 - board NUCLEO-WL55JC2 has no document id list !
2022-08-19 08:59:41,503 [WARN] DbBoards:127 - board P-NUCLEO-WB55-Nucleo has no document id list !
2022-08-19 08:59:41,503 [WARN] DbBoards:127 - board P-NUCLEO-WB55-USBDongle has no document id list !
2022-08-19 08:59:41,503 [WARN] DbBoards:127 - board STEVAL-BFA001V1B has no document id list !
2022-08-19 08:59:41,503 [WARN] DbBoards:127 - board STEVAL-BFA001V2B has no document id list !
2022-08-19 08:59:41,503 [WARN] DbBoards:127 - board STEVAL-IDP005V1 has no document id list !
2022-08-19 08:59:41,503 [WARN] DbBoards:127 - board STEVAL-IDP005V2 has no document id list !
2022-08-19 08:59:41,503 [WARN] DbBoards:127 - board STEVAL-MKSBOX1V1 has no document id list !
2022-08-19 08:59:41,503 [WARN] DbBoards:127 - board STEVAL-STWINKT1 has no document id list !
2022-08-19 08:59:41,503 [WARN] DbBoards:127 - board STEVAL-STWINKT1B has no document id list !
2022-08-19 08:59:41,503 [WARN] DbBoards:127 - board STM32F401C-DISCO has no document id list !
2022-08-19 08:59:41,503 [WARN] DbBoards:127 - board STM32F769I-DISC1 has no document id list !
2022-08-19 08:59:41,503 [WARN] DbBoards:127 - board STM32G0C1E-EV has no document id list !
2022-08-19 08:59:41,503 [WARN] DbBoards:127 - board STM32G474E-EVAL1 has no document id list !
2022-08-19 08:59:41,503 [WARN] DbBoards:127 - board STM32H743I-EVAL2 has no document id list !
2022-08-19 08:59:41,503 [WARN] DbBoards:127 - board STM32H747I-DISC1 has no document id list !
2022-08-19 08:59:41,503 [WARN] DbBoards:127 - board STM32H753I-EVAL2 has no document id list !
2022-08-19 08:59:41,503 [WARN] DbBoards:127 - board STM32L-DISCOVERY has no document id list !
2022-08-19 08:59:41,503 [WARN] DbBoards:127 - board STM32MP157A-DK1 has no document id list !
2022-08-19 08:59:41,503 [WARN] DbBoards:127 - board STM32MP157D-DK1 has no document id list !
2022-08-19 08:59:41,503 [WARN] DbBoards:127 - board STM32MP157D-EV1 has no document id list !
2022-08-19 08:59:41,503 [WARN] DbBoards:127 - board STM32MP157F-DK2 has no document id list !
2022-08-19 08:59:41,503 [WARN] DbBoards:127 - board STM32MP157F-EV1 has no document id list !
2022-08-19 08:59:41,503 [WARN] DbBoards:127 - board STM32U575I-EV has no document id list !
2022-08-19 08:59:41,503 [WARN] DbBoards:127 - board STM32WB5MM-DK has no document id list !
2022-08-19 08:59:42,055 [ERROR] ServerAccessManage:974 - Problem, file not found on Server
2022-08-19 08:59:43,222 [INFO] ApiDb:242 - User favorites file not found: C:\Users\deng0091/.stm32cubeide/favorites.boards.txt
2022-08-19 08:59:43,222 [INFO] DbBoards:206 - Set 0 / 0 favorites Boards
2022-08-19 08:59:43,460 [ERROR] ServerAccessManage:974 - Problem, file not found on Server
2022-08-19 08:59:43,877 [WARN] MainUpdater:1122 - Updater busy. Cannot search thirdparties
2022-08-19 08:59:43,877 [INFO] ThirdPartyUpdaterWithRetryManager:92 - Updater plugin is busy. [9/15]
2022-08-19 08:59:44,879 [ERROR] ServerAccessManage:974 - Problem, file not found on Server
2022-08-19 08:59:46,279 [ERROR] ServerAccessManage:974 - Problem, file not found on Server
2022-08-19 08:59:46,879 [WARN] MainUpdater:1122 - Updater busy. Cannot search thirdparties
2022-08-19 08:59:46,879 [INFO] ThirdPartyUpdaterWithRetryManager:92 - Updater plugin is busy. [10/15]
2022-08-19 08:59:47,026 [INFO] ServerAccessManage:362 - Download File SEGGER.I-CUBE-embOS.pdsc
2022-08-19 08:59:49,213 [INFO] ServerAccessManage:362 - Download File portGmbH.I-Cube-SoM-uGOAL.pdsc
2022-08-19 08:59:49,885 [WARN] MainUpdater:1122 - Updater busy. Cannot search thirdparties
2022-08-19 08:59:49,885 [INFO] ThirdPartyUpdaterWithRetryManager:92 - Updater plugin is busy. [11/15]
2022-08-19 08:59:51,638 [ERROR] ServerAccessManage:974 - Problem, file not found on Server
2022-08-19 08:59:52,324 [ERROR] ServerAccessManage:974 - Problem, file not found on Server
2022-08-19 08:59:52,889 [WARN] MainUpdater:1122 - Updater busy. Cannot search thirdparties
2022-08-19 08:59:52,889 [INFO] ThirdPartyUpdaterWithRetryManager:92 - Updater plugin is busy. [12/15]
2022-08-19 08:59:52,994 [ERROR] ServerAccessManage:974 - Problem, file not found on Server
2022-08-19 08:59:53,847 [INFO] ServerAccessManage:362 - Download File emotas.I-CUBE-CANOPEN.pdsc
2022-08-19 08:59:54,926 [WARN] PackLoader:238 - Cannot read IP mode file for STMicroelectronics.FP-ATR-ASTRA1.1.1.0
2022-08-19 08:59:54,947 [WARN] PackLoader:238 - Cannot read IP mode file for STMicroelectronics.X-CUBE-AI.7.2.0
2022-08-19 08:59:54,947 [WARN] PackLoader:238 - Cannot read IP mode file for STMicroelectronics.X-CUBE-ALS.1.0.1
2022-08-19 08:59:54,947 [WARN] PackLoader:238 - Cannot read IP mode file for STMicroelectronics.X-CUBE-BLE1.6.2.3
2022-08-19 08:59:54,963 [WARN] PackLoader:238 - Cannot read IP mode file for STMicroelectronics.X-CUBE-BLE2.3.3.0
2022-08-19 08:59:54,963 [WARN] PackLoader:238 - Cannot read IP mode file for STMicroelectronics.X-CUBE-BLEMGR.1.0.0
2022-08-19 08:59:54,979 [WARN] PackLoader:238 - Cannot read IP mode file for STMicroelectronics.X-CUBE-DISPLAY.2.2.0
2022-08-19 08:59:54,979 [WARN] PackLoader:238 - Cannot read IP mode file for STMicroelectronics.X-CUBE-EEPRMA1.3.1.1
2022-08-19 08:59:54,994 [WARN] PackLoader:238 - Cannot read IP mode file for STMicroelectronics.X-CUBE-GNSS1.6.0.0
2022-08-19 08:59:54,994 [WARN] PackLoader:238 - Cannot read IP mode file for STMicroelectronics.X-CUBE-ISPU.1.0.0
2022-08-19 08:59:55,025 [WARN] PackLoader:238 - Cannot read IP mode file for STMicroelectronics.X-CUBE-MEMS1.9.3.0
2022-08-19 08:59:55,063 [INFO] CheckServerUpdateThread:112 - End of CheckServer Thread
2022-08-19 08:59:55,194 [WARN] PackLoader:238 - Cannot read IP mode file for STMicroelectronics.X-CUBE-NFC4.2.0.4
2022-08-19 08:59:55,210 [WARN] PackLoader:238 - Cannot read IP mode file for STMicroelectronics.X-CUBE-NFC7.1.0.0
2022-08-19 08:59:55,210 [WARN] PackLoader:238 - Cannot read IP mode file for STMicroelectronics.X-CUBE-SFXS2LP1.4.0.0
2022-08-19 08:59:55,225 [WARN] PackLoader:238 - Cannot read IP mode file for STMicroelectronics.X-CUBE-SUBG2.5.0.0
2022-08-19 08:59:55,242 [WARN] PackLoader:238 - Cannot read IP mode file for STMicroelectronics.X-CUBE-TOF1.3.1.0
2022-08-19 08:59:55,247 [WARN] PackLoader:238 - Cannot read IP mode file for STMicroelectronics.X-CUBE-TOUCHGFX.4.20.0
2022-08-19 08:59:55,247 [WARN] PackLoader:238 - Cannot read IP mode file for STMicroelectronics.X-CUBE-ALGOBUILD.1.3.0
2022-08-19 08:59:55,263 [WARN] PackLoader:238 - Cannot read IP mode file for STMicroelectronics.X-CUBE-AZRTOS-H7.2.1.0
2022-08-19 08:59:55,278 [WARN] PackLoader:238 - Cannot read IP mode file for STMicroelectronics.X-CUBE-AZRTOS-F4.1.1.0
2022-08-19 08:59:55,294 [WARN] PackLoader:238 - Cannot read IP mode file for STMicroelectronics.X-CUBE-AZRTOS-F7.1.1.0
2022-08-19 08:59:55,310 [WARN] PackLoader:238 - Cannot read IP mode file for STMicroelectronics.X-CUBE-AZRTOS-L4.1.0.0
2022-08-19 08:59:55,325 [WARN] PackLoader:238 - Cannot read IP mode file for STMicroelectronics.X-CUBE-AZRTOS-L5.1.0.0
2022-08-19 08:59:55,347 [WARN] PackLoader:238 - Cannot read IP mode file for STMicroelectronics.X-CUBE-AZRTOS-G0.1.1.0
2022-08-19 08:59:55,363 [WARN] PackLoader:238 - Cannot read IP mode file for STMicroelectronics.X-CUBE-AZRTOS-G4.1.0.0
2022-08-19 08:59:55,363 [WARN] PackLoader:238 - Cannot read IP mode file for STMicroelectronics.X-CUBE-AZRTOS-WL.1.0.0
2022-08-19 08:59:55,378 [WARN] PackLoader:238 - Cannot read IP mode file for wolfSSL.I-CUBE-wolfSSL.5.4.0
2022-08-19 08:59:55,378 [WARN] PackLoader:238 - Cannot read IP mode file for RoweBots.I-CUBE-UNISONRTOS.5.5.0-4
2022-08-19 08:59:55,410 [WARN] PackLoader:238 - Cannot read IP mode file for SEGGER.I-CUBE-embOS.1.2.0
2022-08-19 08:59:55,447 [WARN] PackLoader:238 - Cannot read IP mode file for portGmbH.I-Cube-SoM-uGOAL.1.1.0
2022-08-19 08:59:55,447 [WARN] PackLoader:238 - Cannot read IP mode file for emotas.I-CUBE-CANOPEN.1.1.2
2022-08-19 08:59:55,447 [INFO] PopulateThirdPartyThread:60 - Ending populate Thread
2022-08-19 08:59:55,447 [INFO] ThirdParty:967 - CMSIS Pack Vendor :STMicroelectronics FP-ATR-ASTRA1 1.1.0
2022-08-19 08:59:55,447 [INFO] ThirdParty:967 - CMSIS Pack Vendor :RoweBots I-CUBE-UNISONRTOS 5.5.0-4
2022-08-19 08:59:55,447 [INFO] ThirdParty:967 - CMSIS Pack Vendor :STMicroelectronics X-CUBE-GNSS1 6.0.0
2022-08-19 08:59:55,447 [INFO] ThirdParty:967 - CMSIS Pack Vendor :STMicroelectronics X-CUBE-AZRTOS-H7 2.1.0
2022-08-19 08:59:55,447 [INFO] ThirdParty:967 - CMSIS Pack Vendor :STMicroelectronics X-CUBE-AZRTOS-F4 1.1.0
2022-08-19 08:59:55,447 [INFO] ThirdParty:967 - CMSIS Pack Vendor :STMicroelectronics X-CUBE-AZRTOS-G4 1.0.0
2022-08-19 08:59:55,447 [INFO] ThirdParty:967 - CMSIS Pack Vendor :wolfSSL I-CUBE-wolfSSL 5.4.0
2022-08-19 08:59:55,447 [INFO] ThirdParty:967 - CMSIS Pack Vendor :STMicroelectronics X-CUBE-AZRTOS-L4 1.0.0
2022-08-19 08:59:55,447 [INFO] ThirdParty:967 - CMSIS Pack Vendor :emotas I-CUBE-CANOPEN 1.1.2
2022-08-19 08:59:55,447 [INFO] ThirdParty:967 - CMSIS Pack Vendor :STMicroelectronics X-CUBE-TOUCHGFX 4.20.0
2022-08-19 08:59:55,463 [INFO] ThirdParty:967 - CMSIS Pack Vendor :STMicroelectronics X-CUBE-NFC7 1.0.0
2022-08-19 08:59:55,463 [INFO] ThirdParty:967 - CMSIS Pack Vendor :STMicroelectronics X-CUBE-BLEMGR 1.0.0
2022-08-19 08:59:55,463 [INFO] ThirdParty:967 - CMSIS Pack Vendor :STMicroelectronics X-CUBE-AZRTOS-WL 1.0.0
2022-08-19 08:59:55,463 [INFO] ThirdParty:967 - CMSIS Pack Vendor :STMicroelectronics X-CUBE-AZRTOS-F7 1.1.0
2022-08-19 08:59:55,463 [INFO] ThirdParty:967 - CMSIS Pack Vendor :STMicroelectronics X-CUBE-ALS 1.0.1
2022-08-19 08:59:55,463 [INFO] ThirdParty:967 - CMSIS Pack Vendor :STMicroelectronics X-CUBE-MEMS1 9.3.0
2022-08-19 08:59:55,463 [INFO] ThirdParty:967 - CMSIS Pack Vendor :portGmbH I-Cube-SoM-uGOAL 1.1.0
2022-08-19 08:59:55,463 [INFO] ThirdParty:967 - CMSIS Pack Vendor :STMicroelectronics X-CUBE-AI 7.2.0
2022-08-19 08:59:55,463 [INFO] ThirdParty:967 - CMSIS Pack Vendor :STMicroelectronics X-CUBE-BLE1 6.2.3
2022-08-19 08:59:55,463 [INFO] ThirdParty:967 - CMSIS Pack Vendor :STMicroelectronics X-CUBE-ALGOBUILD 1.3.0
2022-08-19 08:59:55,463 [INFO] ThirdParty:967 - CMSIS Pack Vendor :STMicroelectronics X-CUBE-AZRTOS-L5 1.0.0
2022-08-19 08:59:55,463 [INFO] ThirdParty:967 - CMSIS Pack Vendor :STMicroelectronics X-CUBE-AZRTOS-G0 1.1.0
2022-08-19 08:59:55,463 [INFO] ThirdParty:967 - CMSIS Pack Vendor :STMicroelectronics X-CUBE-SUBG2 5.0.0
2022-08-19 08:59:55,463 [INFO] ThirdParty:967 - CMSIS Pack Vendor :SEGGER I-CUBE-embOS 1.2.0
2022-08-19 08:59:55,463 [INFO] ThirdParty:967 - CMSIS Pack Vendor :STMicroelectronics X-CUBE-EEPRMA1 3.1.1
2022-08-19 08:59:55,463 [INFO] ThirdParty:967 - CMSIS Pack Vendor :STMicroelectronics X-CUBE-SFXS2LP1 4.0.0
2022-08-19 08:59:55,463 [INFO] ThirdParty:967 - CMSIS Pack Vendor :STMicroelectronics X-CUBE-BLE2 3.3.0
2022-08-19 08:59:55,463 [INFO] ThirdParty:967 - CMSIS Pack Vendor :STMicroelectronics X-CUBE-NFC4 2.0.4
2022-08-19 08:59:55,463 [INFO] ThirdParty:967 - CMSIS Pack Vendor :STMicroelectronics X-CUBE-DISPLAY 2.2.0
2022-08-19 08:59:55,463 [INFO] ThirdParty:967 - CMSIS Pack Vendor :STMicroelectronics X-CUBE-ISPU 1.0.0
2022-08-19 08:59:55,463 [INFO] ThirdParty:967 - CMSIS Pack Vendor :STMicroelectronics X-CUBE-TOF1 3.1.0
2022-08-19 08:59:55,463 [INFO] LoadServerUpdatesThread:339 - End of LoadServerUpdate Thread
2022-08-19 08:59:56,077 [WARN] PackLoader:238 - Cannot read IP mode file for STMicroelectronics.X-CUBE-GNSS1.6.0.0
2022-08-19 08:59:56,093 [WARN] PackLoader:238 - Cannot read IP mode file for STMicroelectronics.X-CUBE-AZRTOS-F4.1.1.0
2022-08-19 08:59:56,109 [WARN] PackLoader:238 - Cannot read IP mode file for STMicroelectronics.X-CUBE-AZRTOS-F7.1.1.0
2022-08-19 08:59:56,124 [WARN] PackLoader:238 - Cannot read IP mode file for STMicroelectronics.X-CUBE-BLE1.6.2.3
2022-08-19 08:59:56,124 [WARN] PackLoader:238 - Cannot read IP mode file for STMicroelectronics.X-CUBE-NFC4.2.0.4
2022-08-19 08:59:56,143 [WARN] PackLoader:238 - Cannot read IP mode file for STMicroelectronics.X-CUBE-TOF1.3.1.0
2022-08-19 08:59:56,146 [WARN] PackLoader:238 - Cannot read IP mode file for STMicroelectronics.X-CUBE-NFC7.1.0.0
2022-08-19 08:59:56,177 [WARN] PackLoader:238 - Cannot read IP mode file for STMicroelectronics.X-CUBE-MEMS1.9.3.0
2022-08-19 08:59:56,309 [WARN] PackLoader:238 - Cannot read IP mode file for STMicroelectronics.X-CUBE-AI.7.2.0
2022-08-19 08:59:56,324 [WARN] PackLoader:238 - Cannot read IP mode file for STMicroelectronics.X-CUBE-SFXS2LP1.4.0.0
2022-08-19 08:59:56,324 [WARN] PackLoader:238 - Cannot read IP mode file for STMicroelectronics.X-CUBE-BLE2.3.3.0
2022-08-19 08:59:56,324 [WARN] PackLoader:238 - Cannot read IP mode file for STMicroelectronics.X-CUBE-DISPLAY.2.2.0
2022-08-19 08:59:56,346 [WARN] PackLoader:238 - Cannot read IP mode file for STMicroelectronics.X-CUBE-ISPU.1.0.0
2022-08-19 08:59:56,346 [WARN] PackLoader:238 - Cannot read IP mode file for RoweBots.I-CUBE-UNISONRTOS.5.5.0-4
2022-08-19 08:59:56,377 [WARN] PackLoader:238 - Cannot read IP mode file for STMicroelectronics.X-CUBE-AZRTOS-H7.2.1.0
2022-08-19 08:59:56,377 [WARN] PackLoader:238 - Cannot read IP mode file for wolfSSL.I-CUBE-wolfSSL.5.4.0
2022-08-19 08:59:56,393 [WARN] PackLoader:238 - Cannot read IP mode file for STMicroelectronics.X-CUBE-BLEMGR.1.0.0
2022-08-19 08:59:56,393 [WARN] PackLoader:238 - Cannot read IP mode file for STMicroelectronics.X-CUBE-ALGOBUILD.1.3.0
2022-08-19 08:59:56,408 [WARN] PackLoader:238 - Cannot read IP mode file for STMicroelectronics.X-CUBE-AZRTOS-G0.1.1.0
2022-08-19 08:59:56,424 [WARN] PackLoader:238 - Cannot read IP mode file for STMicroelectronics.X-CUBE-SUBG2.5.0.0
2022-08-19 08:59:56,461 [WARN] PackLoader:238 - Cannot read IP mode file for SEGGER.I-CUBE-embOS.1.2.0
2022-08-19 08:59:56,508 [WARN] PackLoader:238 - Cannot read IP mode file for STMicroelectronics.FP-ATR-ASTRA1.1.1.0
2022-08-19 08:59:56,524 [WARN] PackLoader:238 - Cannot read IP mode file for STMicroelectronics.X-CUBE-AZRTOS-G4.1.0.0
2022-08-19 08:59:56,524 [WARN] PackLoader:238 - Cannot read IP mode file for STMicroelectronics.X-CUBE-AZRTOS-L4.1.0.0
2022-08-19 08:59:56,545 [WARN] PackLoader:238 - Cannot read IP mode file for emotas.I-CUBE-CANOPEN.1.1.2
2022-08-19 08:59:56,545 [WARN] PackLoader:238 - Cannot read IP mode file for STMicroelectronics.X-CUBE-TOUCHGFX.4.20.0
2022-08-19 08:59:56,545 [WARN] PackLoader:238 - Cannot read IP mode file for STMicroelectronics.X-CUBE-AZRTOS-WL.1.0.0
2022-08-19 08:59:56,561 [WARN] PackLoader:238 - Cannot read IP mode file for portGmbH.I-Cube-SoM-uGOAL.1.1.0
2022-08-19 08:59:56,561 [WARN] PackLoader:238 - Cannot read IP mode file for STMicroelectronics.X-CUBE-ALS.1.0.1
2022-08-19 08:59:56,577 [WARN] PackLoader:238 - Cannot read IP mode file for STMicroelectronics.X-CUBE-AZRTOS-L5.1.0.0
2022-08-19 08:59:56,577 [WARN] PackLoader:238 - Cannot read IP mode file for STMicroelectronics.X-CUBE-EEPRMA1.3.1.1
2022-08-19 08:59:56,577 [INFO] ThirdParty:915 - Integrity check success = true
2022-08-19 08:59:56,577 [INFO] IntegrityCheckThread:94 - exiting critical section [integrity check]
2022-08-19 08:59:56,577 [INFO] IntegrityCheckThread:97 - End integrity checks thread
2022-08-19 08:59:57,667 [INFO] MultiScanPanel:197 - Auto-refresh data requested => check proxy status ongoing
2022-08-19 08:59:57,667 [INFO] MultiScanPanel:201 - Proxy status is invalid
2022-08-19 08:59:57,730 [WARN] DetailPanel:314 - Failed to get advertising image, set to default
2022-08-19 09:00:05,858 [INFO] MultiScanPanel:197 - Auto-refresh data requested => check proxy status ongoing
2022-08-19 09:00:05,858 [INFO] MultiScanPanel:201 - Proxy status is invalid
2022-08-19 09:00:05,942 [INFO] ApiDb:479 - Connected to CubeFinder SQLite database (C:\Users\deng0091\.stmcufinder\plugins\mcufinder\mcu\cube-finder-db.db)
2022-08-19 09:00:06,454 [INFO] DbExamplesSqlite:411 - Ignored 48 examples not supported by CubeIDE
2022-08-19 09:00:06,454 [INFO] DbExamplesSqlite:412 - Found 5143 examples active
2022-08-19 09:00:06,454 [INFO] DbExamplesSqlite:413 - Found 274 examples obsolete
2022-08-19 09:00:06,454 [INFO] DbExamplesSqlite:414 - Found 0 examples under development
2022-08-19 09:00:06,454 [INFO] DbExamplesSqlite:415 - Found 109 examples not building
2022-08-19 09:00:06,476 [INFO] DbExamplesSqlite:108 - CubeFinder database Data Model version=2.1
2022-08-19 09:00:06,476 [INFO] DbExamplesSqlite:109 - CubeFinder database Configuration version=3.0-WIP14
2022-08-19 09:00:06,476 [INFO] DbExamplesSqlite:110 - CubeFinder database generation date=2021-07-05 (1625498708)
2022-08-19 09:00:06,476 [INFO] DbExamplesSqlite:111 - CubeFinder database FW Pack versions=[STM32Cube_FW_F4_V1.26.1, STM32Cube_FW_F7_V1.16.1, STM32Cube_FW_G0_V1.5.0, STM32Cube_FW_G4_V1.4.0, STM32Cube_FW_H7_V1.9.0, STM32Cube_FW_L5_V1.4.0, STM32Cube_FW_U5_V1.0.0, STM32Cube_FW_WB_V1.12.0, STM32Cube_FW_WL_V1.1.0, X-CUBE-ALS_V1.0.0, X-CUBE-AZRTOS-H7_V1.0.0, X-CUBE-BLE1_V6.2.0, X-CUBE-BLE2_V3.2.0, X-CUBE-EEPRMA1_V3.1.0, X-CUBE-GNSS1_V5.2.0, X-CUBE-NFC4_V2.0.3, X-CUBE-SFXS2LP1_V3.1.0]
2022-08-19 09:00:06,476 [INFO] DbExamples:130 - Found 5204 examples
2022-08-19 09:00:07,123 [ERROR] DbExamples:206 - Found 315 examples with invalid data (board or MCU)
2022-08-19 09:00:07,123 [INFO] DbExamples:222 - Found 68 boards with related examples
2022-08-19 09:00:07,132 [INFO] DbExamples:235 - Found 57 MCUs with related examples
2022-08-19 09:00:07,147 [INFO] ApiDb:242 - User favorites file not found: C:\Users\deng0091/.stm32cubeide/favorites.examples.txt
2022-08-19 09:00:07,148 [INFO] DbExamples:256 - Set 0 / 0 favorites Examples
2022-08-19 09:00:07,352 [INFO] SoftwarePacks:121 - Download is needed for SW pack 'STM32Cube_FW_F4_V1.26.1'
2022-08-19 09:00:07,354 [INFO] SoftwarePacks:121 - Download is needed for SW pack 'STM32Cube_FW_F7_V1.16.1'
2022-08-19 09:00:07,355 [INFO] SoftwarePacks:121 - Download is needed for SW pack 'STM32Cube_FW_G0_V1.5.0'
2022-08-19 09:00:07,356 [INFO] SoftwarePacks:121 - Download is needed for SW pack 'STM32Cube_FW_G4_V1.4.0'
2022-08-19 09:00:07,357 [INFO] SoftwarePacks:121 - Download is needed for SW pack 'STM32Cube_FW_H7_V1.9.0'
2022-08-19 09:00:07,357 [INFO] SoftwarePacks:121 - Download is needed for SW pack 'STM32Cube_FW_L5_V1.4.0'
2022-08-19 09:00:07,357 [INFO] SoftwarePacks:121 - Download is needed for SW pack 'STM32Cube_FW_U5_V1.0.0'
2022-08-19 09:00:07,357 [INFO] SoftwarePacks:121 - Download is needed for SW pack 'STM32Cube_FW_WB_V1.12.0'
2022-08-19 09:00:07,357 [INFO] SoftwarePacks:121 - Download is needed for SW pack 'STM32Cube_FW_WL_V1.1.0'
2022-08-19 09:00:07,357 [INFO] SoftwarePacks:121 - Download is needed for SW pack 'X-CUBE-ALS_V1.0.0'
2022-08-19 09:00:07,357 [INFO] SoftwarePacks:121 - Download is needed for SW pack 'X-CUBE-AZRTOS-H7_V1.0.0'
2022-08-19 09:00:07,357 [INFO] SoftwarePacks:121 - Download is needed for SW pack 'X-CUBE-BLE1_V6.2.0'
2022-08-19 09:00:07,357 [INFO] SoftwarePacks:121 - Download is needed for SW pack 'X-CUBE-BLE2_V3.2.0'
2022-08-19 09:00:07,357 [INFO] SoftwarePacks:121 - Download is needed for SW pack 'X-CUBE-EEPRMA1_V3.1.0'
2022-08-19 09:00:07,357 [INFO] SoftwarePacks:121 - Download is needed for SW pack 'X-CUBE-GNSS1_V5.2.0'
2022-08-19 09:00:07,357 [INFO] SoftwarePacks:121 - Download is needed for SW pack 'X-CUBE-NFC4_V2.0.3'
2022-08-19 09:00:07,357 [INFO] SoftwarePacks:121 - Download is needed for SW pack 'X-CUBE-SFXS2LP1_V3.1.0'
2022-08-19 09:00:08,537 [WARN] DetailPanel:314 - Failed to get advertising image, set to default
2022-08-19 09:00:11,011 [INFO] CrossReferenceDbSqlite:236 - SQLite db open (C:\Users\deng0091\.stmcufinder\plugins\mcufinder\mcu\cs\crdb.db)
2022-08-19 09:01:19,386 [INFO] DbMcusDocs:143 - JSON generation date=Mon Jun 07 16:53:21 SGT 2021 (1623056001)
2022-08-19 09:01:19,631 [INFO] DbMcusDocs:79 - Found 669 MCUs documents
2022-08-19 09:01:57,279 [INFO] MainUpdater:2671 - connection check result : 10
2022-08-19 09:01:57,279 [INFO] MainUpdater:2671 - connection check result : 10
2022-08-19 09:01:57,294 [INFO] MicroXplorer:448 - Change Database Path : 
2022-08-19 09:01:57,294 [INFO] MicroXplorer:478 - Change Database Version : DB.6.0.30
2022-08-19 09:01:57,294 [WARN] ThirdParty:813 - waiting for thirdparty lock release [close project]
2022-08-19 09:01:57,294 [INFO] ThirdParty:815 - entering critical section [close project]
2022-08-19 09:01:57,310 [INFO] ThirdParty:825 - exiting critical section [close project]
2022-08-19 09:01:57,310 [INFO] PinOutPanel:1463 - setPackage(No Configuration,No Configuration)
2022-08-19 09:01:57,310 [INFO] UtilMem:74 - Begin LoadConfig() Used Memory: 840920928 Bytes (1021313024)
2022-08-19 09:01:57,310 [INFO] MicroXplorer:448 - Change Database Path : 
2022-08-19 09:01:57,310 [INFO] MicroXplorer:478 - Change Database Version : DB.6.0.30
2022-08-19 09:01:57,310 [INFO] OpenFileManager:313 - Change cursor
2022-08-19 09:01:59,464 [INFO] Context:592 - Trying to add GPIOservice into a context  which must be forbidden
2022-08-19 09:01:59,910 [INFO] ImportTextPane:167 - (OptionalMessage_ERROR) Unable to find key (Mcu.ThirdPartyNb) in loaded IOC file
2022-08-19 09:01:59,910 [INFO] ImportTextPane:167 - (OptionalMessage_ERROR) Unable to find key (Mcu.PinsNb) in loaded IOC file
2022-08-19 09:01:59,910 [INFO] ImportTextPane:167 - (OptionalMessage_ERROR) Unable to find key (Mcu.IPNb) in loaded IOC file
2022-08-19 09:01:59,963 [WARN] ApiManager:304 - Cannot register API 'Board Extension:GNSS1A1' from pack STMicroelectronics.X-CUBE-GNSS1.6.0.0: no header file found
2022-08-19 09:01:59,963 [WARN] ApiManager:304 - Cannot register API 'Board Support:Custom' from pack STMicroelectronics.X-CUBE-GNSS1.6.0.0: no header file found
2022-08-19 09:01:59,963 [WARN] ApiManager:304 - Cannot register API 'Data Exchange:lib_gnss' from pack STMicroelectronics.X-CUBE-GNSS1.6.0.0: no header file found
2022-08-19 09:01:59,979 [WARN] ModelIntegratedComponent:60 - No mode defined for component null
2022-08-19 09:01:59,979 [WARN] ModelIntegratedComponent:60 - No mode defined for component null
2022-08-19 09:01:59,979 [WARN] ModelIntegratedComponent:60 - No mode defined for component null
2022-08-19 09:01:59,979 [WARN] ModelIntegratedComponent:60 - No mode defined for component null
2022-08-19 09:01:59,979 [WARN] ModelIntegratedComponent:60 - No mode defined for component null
2022-08-19 09:01:59,979 [WARN] ModelIntegratedComponent:60 - No mode defined for component null
2022-08-19 09:01:59,979 [WARN] ModelIntegratedComponent:60 - No mode defined for component null
2022-08-19 09:01:59,979 [WARN] ModelIntegratedComponent:60 - No mode defined for component null
2022-08-19 09:01:59,979 [WARN] ModelIntegratedComponent:60 - No mode defined for component null
2022-08-19 09:01:59,979 [WARN] ModelIntegratedComponent:60 - No mode defined for component null
2022-08-19 09:01:59,979 [WARN] ModelIntegratedComponent:60 - No mode defined for component null
2022-08-19 09:01:59,979 [WARN] ModelIntegratedComponent:60 - No mode defined for component null
2022-08-19 09:01:59,979 [WARN] ModelIntegratedComponent:60 - No mode defined for component null
2022-08-19 09:01:59,979 [WARN] ModelIntegratedComponent:60 - No mode defined for component null
2022-08-19 09:01:59,979 [WARN] ModelIntegratedComponent:60 - No mode defined for component null
2022-08-19 09:01:59,979 [WARN] ModelIntegratedComponent:60 - No mode defined for component null
2022-08-19 09:01:59,979 [WARN] ModelIntegratedComponent:60 - No mode defined for component null
2022-08-19 09:01:59,979 [WARN] ModelIntegratedComponent:60 - No mode defined for component null
2022-08-19 09:01:59,979 [WARN] ModelIntegratedComponent:60 - No mode defined for component null
2022-08-19 09:01:59,979 [WARN] ModelIntegratedComponent:60 - No mode defined for component null
2022-08-19 09:01:59,979 [WARN] ModelIntegratedComponent:60 - No mode defined for component null
2022-08-19 09:01:59,979 [WARN] ModelIntegratedComponent:60 - No mode defined for component null
2022-08-19 09:01:59,979 [WARN] ModelIntegratedComponent:60 - No mode defined for component null
2022-08-19 09:01:59,979 [WARN] ModelIntegratedComponent:60 - No mode defined for component null
2022-08-19 09:01:59,979 [WARN] ModelIntegratedComponent:60 - No mode defined for component null
2022-08-19 09:01:59,979 [WARN] ModelIntegratedComponent:60 - No mode defined for component null
2022-08-19 09:01:59,979 [WARN] ModelIntegratedComponent:60 - No mode defined for component null
2022-08-19 09:01:59,979 [WARN] ModelIntegratedComponent:60 - No mode defined for component null
2022-08-19 09:01:59,979 [WARN] ModelIntegratedComponent:60 - No mode defined for component null
2022-08-19 09:01:59,979 [WARN] ModelIntegratedComponent:60 - No mode defined for component null
2022-08-19 09:01:59,979 [WARN] ModelIntegratedComponent:60 - No mode defined for component null
2022-08-19 09:01:59,979 [WARN] ApiManager:304 - Cannot register API 'Board Extension:NFC07A1' from pack STMicroelectronics.X-CUBE-NFC7.1.0.0: no header file found
2022-08-19 09:02:00,133 [WARN] ApiManager:304 - Cannot register API 'Board Extension:IKS01A3' from pack STMicroelectronics.X-CUBE-MEMS1.9.3.0: no header file found
2022-08-19 09:02:00,148 [WARN] ApiManager:304 - Cannot register API 'Board Extension:IKS01A2' from pack STMicroelectronics.X-CUBE-MEMS1.9.3.0: no header file found
2022-08-19 09:02:00,148 [WARN] ApiManager:304 - Cannot register API 'Board Extension:IKS02A1' from pack STMicroelectronics.X-CUBE-MEMS1.9.3.0: no header file found
2022-08-19 09:02:00,148 [WARN] ApiManager:304 - Cannot register API 'Wireless:BlueNRG-MS' from pack STMicroelectronics.X-CUBE-BLE1.6.2.3: no header file found
2022-08-19 09:02:00,148 [INFO] RtosManager:484 - Registered RTOS mode: class=CMSIS, group=RTOS, mode=CMSIS_V1, owner=FREERTOS
2022-08-19 09:02:00,148 [INFO] RtosManager:484 - Registered RTOS mode: class=CMSIS, group=RTOS2, mode=CMSIS_V2, owner=FREERTOS
2022-08-19 09:02:00,148 [INFO] RtosManager:484 - Registered RTOS mode: class=RTOS, group=Core, mode=CMSIS_V1, owner=FREERTOS
2022-08-19 09:02:00,148 [INFO] RtosManager:484 - Registered RTOS mode: class=RTOS, group=Core, mode=CMSIS_V2, owner=FREERTOS
2022-08-19 09:02:00,148 [WARN] ModelIntegratedComponent:181 - Missing modes for component STMicroelectronics:FreeRTOS:0.0.1:STMicroelectronics:RTOS:FreeRTOS:Core:::10.2.0:
2022-08-19 09:02:00,164 [WARN] ApiManager:304 - Cannot register API 'Board Extension:S2868A1' from pack STMicroelectronics.X-CUBE-SUBG2.5.0.0: no header file found
2022-08-19 09:02:00,164 [WARN] ApiManager:304 - Cannot register API 'Board Extension:S2868A2' from pack STMicroelectronics.X-CUBE-SUBG2.5.0.0: no header file found
2022-08-19 09:02:00,164 [WARN] ApiManager:304 - Cannot register API 'Board Extension:S2915A1' from pack STMicroelectronics.X-CUBE-SUBG2.5.0.0: no header file found
2022-08-19 09:02:00,164 [WARN] ApiManager:304 - Cannot register API 'Board Extension:EEPRMA1' from pack STMicroelectronics.X-CUBE-EEPRMA1.3.1.1: no header file found
2022-08-19 09:02:00,164 [WARN] ApiManager:304 - Cannot register API 'Board Extension:EEPRMA2' from pack STMicroelectronics.X-CUBE-EEPRMA1.3.1.1: no header file found
2022-08-19 09:02:00,164 [WARN] ApiManager:304 - Cannot register API 'Board Extension:S2868A1' from pack STMicroelectronics.X-CUBE-SFXS2LP1.4.0.0: no header file found
2022-08-19 09:02:00,164 [WARN] ApiManager:304 - Cannot register API 'Board Extension:S2868A2' from pack STMicroelectronics.X-CUBE-SFXS2LP1.4.0.0: no header file found
2022-08-19 09:02:00,164 [WARN] ApiManager:304 - Cannot register API 'Board Extension:S2915A1' from pack STMicroelectronics.X-CUBE-SFXS2LP1.4.0.0: no header file found
2022-08-19 09:02:00,164 [WARN] ApiManager:304 - Cannot register API 'Wireless:BlueNRG-2' from pack STMicroelectronics.X-CUBE-BLE2.3.3.0: no header file found
2022-08-19 09:02:00,164 [WARN] ApiManager:304 - Cannot register API 'Board Extension:NFC04A1' from pack STMicroelectronics.X-CUBE-NFC4.2.0.4: no header file found
2022-08-19 09:02:01,572 [INFO] UtilMem:74 - End LoadConfig() Used Memory: 857543192 Bytes (1021313024)
2022-08-19 09:02:01,572 [WARN] ThirdParty:779 - waiting for thirdparty lock release [change project]
2022-08-19 09:02:01,572 [INFO] ThirdParty:781 - entering critical section [change project]
2022-08-19 09:02:01,572 [INFO] ThirdParty:967 - CMSIS Pack Vendor :STMicroelectronics FP-ATR-ASTRA1 1.1.0
2022-08-19 09:02:01,572 [INFO] ThirdParty:967 - CMSIS Pack Vendor :RoweBots I-CUBE-UNISONRTOS 5.5.0-4
2022-08-19 09:02:01,572 [INFO] ThirdParty:967 - CMSIS Pack Vendor :STMicroelectronics X-CUBE-GNSS1 6.0.0
2022-08-19 09:02:01,572 [INFO] ThirdParty:967 - CMSIS Pack Vendor :STMicroelectronics X-CUBE-AZRTOS-H7 2.1.0
2022-08-19 09:02:01,572 [INFO] ThirdParty:967 - CMSIS Pack Vendor :STMicroelectronics USB_HOST 2.0.0
2022-08-19 09:02:01,572 [INFO] ThirdParty:967 - CMSIS Pack Vendor :STMicroelectronics X-CUBE-AZRTOS-F4 1.1.0
2022-08-19 09:02:01,572 [INFO] ThirdParty:967 - CMSIS Pack Vendor :STMicroelectronics X-CUBE-AZRTOS-G4 1.0.0
2022-08-19 09:02:01,572 [INFO] ThirdParty:967 - CMSIS Pack Vendor :wolfSSL I-CUBE-wolfSSL 5.4.0
2022-08-19 09:02:01,572 [INFO] ThirdParty:967 - CMSIS Pack Vendor :STMicroelectronics X-CUBE-AZRTOS-L4 1.0.0
2022-08-19 09:02:01,572 [INFO] ThirdParty:967 - CMSIS Pack Vendor :STMicroelectronics USB_DEVICE 3.0.0
2022-08-19 09:02:01,572 [INFO] ThirdParty:967 - CMSIS Pack Vendor :STMicroelectronics HAL Drivers 0.0.0
2022-08-19 09:02:01,572 [INFO] ThirdParty:967 - CMSIS Pack Vendor :STMicroelectronics MBEDTLS 2.16.2
2022-08-19 09:02:01,572 [INFO] ThirdParty:967 - CMSIS Pack Vendor :emotas I-CUBE-CANOPEN 1.1.2
2022-08-19 09:02:01,572 [INFO] ThirdParty:967 - CMSIS Pack Vendor :STMicroelectronics X-CUBE-TOUCHGFX 4.20.0
2022-08-19 09:02:01,572 [INFO] ThirdParty:967 - CMSIS Pack Vendor :STMicroelectronics MBEDTLS 2.14.1
2022-08-19 09:02:01,572 [INFO] ThirdParty:967 - CMSIS Pack Vendor :STMicroelectronics X-CUBE-NFC7 1.0.0
2022-08-19 09:02:01,572 [INFO] ThirdParty:967 - CMSIS Pack Vendor :STMicroelectronics X-CUBE-BLEMGR 1.0.0
2022-08-19 09:02:01,572 [INFO] ThirdParty:967 - CMSIS Pack Vendor :STMicroelectronics X-CUBE-AZRTOS-WL 1.0.0
2022-08-19 09:02:01,572 [INFO] ThirdParty:967 - CMSIS Pack Vendor :STMicroelectronics X-CUBE-AZRTOS-F7 1.1.0
2022-08-19 09:02:01,587 [INFO] ThirdParty:967 - CMSIS Pack Vendor :STMicroelectronics X-CUBE-MEMS1 9.3.0
2022-08-19 09:02:01,587 [INFO] ThirdParty:967 - CMSIS Pack Vendor :portGmbH I-Cube-SoM-uGOAL 1.1.0
2022-08-19 09:02:01,587 [INFO] ThirdParty:967 - CMSIS Pack Vendor :STMicroelectronics X-CUBE-ALS 1.0.1
2022-08-19 09:02:01,587 [INFO] ThirdParty:967 - CMSIS Pack Vendor :STMicroelectronics USB_DEVICE 2.0.0
2022-08-19 09:02:01,587 [INFO] ThirdParty:967 - CMSIS Pack Vendor :STMicroelectronics X-CUBE-AI 7.2.0
2022-08-19 09:02:01,587 [INFO] ThirdParty:967 - CMSIS Pack Vendor :STMicroelectronics X-CUBE-BLE1 6.2.3
2022-08-19 09:02:01,587 [INFO] ThirdParty:967 - CMSIS Pack Vendor :STMicroelectronics X-CUBE-ALGOBUILD 1.3.0
2022-08-19 09:02:01,587 [INFO] ThirdParty:967 - CMSIS Pack Vendor :STMicroelectronics X-CUBE-AZRTOS-L5 1.0.0
2022-08-19 09:02:01,587 [INFO] ThirdParty:967 - CMSIS Pack Vendor :STMicroelectronics FreeRTOS 0.0.1
2022-08-19 09:02:01,587 [INFO] ThirdParty:967 - CMSIS Pack Vendor :STMicroelectronics X-CUBE-AZRTOS-G0 1.1.0
2022-08-19 09:02:01,588 [INFO] ThirdParty:967 - CMSIS Pack Vendor :STMicroelectronics USB_DEVICE 1.0.0
2022-08-19 09:02:01,588 [INFO] ThirdParty:967 - CMSIS Pack Vendor :STMicroelectronics X-CUBE-SUBG2 5.0.0
2022-08-19 09:02:01,588 [INFO] ThirdParty:967 - CMSIS Pack Vendor :SEGGER I-CUBE-embOS 1.2.0
2022-08-19 09:02:01,588 [INFO] ThirdParty:967 - CMSIS Pack Vendor :STMicroelectronics X-CUBE-EEPRMA1 3.1.1
2022-08-19 09:02:01,588 [INFO] ThirdParty:967 - CMSIS Pack Vendor :STMicroelectronics ThreadX 0.0.2
2022-08-19 09:02:01,588 [INFO] ThirdParty:967 - CMSIS Pack Vendor :STMicroelectronics lwIP 2.0.3
2022-08-19 09:02:01,588 [INFO] ThirdParty:967 - CMSIS Pack Vendor :STMicroelectronics lwIP 2.1.2
2022-08-19 09:02:01,588 [INFO] ThirdParty:967 - CMSIS Pack Vendor :STMicroelectronics X-CUBE-SFXS2LP1 4.0.0
2022-08-19 09:02:01,588 [INFO] ThirdParty:967 - CMSIS Pack Vendor :STMicroelectronics X-CUBE-BLE2 3.3.0
2022-08-19 09:02:01,588 [INFO] ThirdParty:967 - CMSIS Pack Vendor :STMicroelectronics X-CUBE-NFC4 2.0.4
2022-08-19 09:02:01,588 [INFO] ThirdParty:967 - CMSIS Pack Vendor :STMicroelectronics USB_HOST 1.0.0
2022-08-19 09:02:01,588 [INFO] ThirdParty:967 - CMSIS Pack Vendor :STMicroelectronics X-CUBE-DISPLAY 2.2.0
2022-08-19 09:02:01,588 [INFO] ThirdParty:967 - CMSIS Pack Vendor :STMicroelectronics PDM2PCM 3.1.0
2022-08-19 09:02:01,588 [INFO] ThirdParty:967 - CMSIS Pack Vendor :STMicroelectronics PDM2PCM 3.2.0
2022-08-19 09:02:01,588 [INFO] ThirdParty:967 - CMSIS Pack Vendor :STMicroelectronics PDM2PCM 3.3.0
2022-08-19 09:02:01,588 [INFO] ThirdParty:967 - CMSIS Pack Vendor :STMicroelectronics X-CUBE-TOF1 3.1.0
2022-08-19 09:02:01,588 [INFO] ThirdParty:967 - CMSIS Pack Vendor :STMicroelectronics X-CUBE-ISPU 1.0.0
2022-08-19 09:02:01,588 [INFO] ThirdParty:787 - exiting critical section [change project]
2022-08-19 09:02:01,904 [INFO] PinOutPanel:1463 - setPackage(No Configuration,No Configuration)
2022-08-19 09:02:01,904 [INFO] PinOutPanel:1463 - setPackage(STM32F407VETx,LQFP100)
2022-08-19 09:02:02,304 [INFO] UtilMem:74 - Before build in PCC Used Memory: 839365376 Bytes (1021313024)
2022-08-19 09:02:02,881 [INFO] UtilMem:74 - After build in PCC Used Memory: 852063488 Bytes (1021313024)
2022-08-19 09:02:02,903 [INFO] IPUIPlugin:74 - create IPUIPlugin
2022-08-19 09:02:02,903 [INFO] IPUIPlugin:74 - create IPUIPlugin
2022-08-19 09:02:02,903 [INFO] IPUIPlugin:74 - create IPUIPlugin
2022-08-19 09:02:02,903 [INFO] IPUIPlugin:74 - create IPUIPlugin
2022-08-19 09:02:02,903 [INFO] IPUIPlugin:74 - create IPUIPlugin
2022-08-19 09:02:02,903 [INFO] IPUIPlugin:74 - create IPUIPlugin
2022-08-19 09:02:02,903 [INFO] IPUIPlugin:74 - create IPUIPlugin
2022-08-19 09:02:02,903 [INFO] IPUIPlugin:74 - create IPUIPlugin
2022-08-19 09:02:02,903 [INFO] IPUIPlugin:74 - create IPUIPlugin
2022-08-19 09:02:02,903 [INFO] IPUIPlugin:74 - create IPUIPlugin
2022-08-19 09:02:02,903 [INFO] IPUIPlugin:74 - create IPUIPlugin
2022-08-19 09:02:02,903 [INFO] IPUIPlugin:74 - create IPUIPlugin
2022-08-19 09:02:02,903 [INFO] IPUIPlugin:74 - create IPUIPlugin
2022-08-19 09:02:02,903 [INFO] IPUIPlugin:74 - create IPUIPlugin
2022-08-19 09:02:02,903 [INFO] IPUIPlugin:74 - create IPUIPlugin
2022-08-19 09:02:02,903 [INFO] IPUIPlugin:74 - create IPUIPlugin
2022-08-19 09:02:02,903 [INFO] IPUIPlugin:74 - create IPUIPlugin
2022-08-19 09:02:02,903 [INFO] IPUIPlugin:74 - create IPUIPlugin
2022-08-19 09:02:02,903 [INFO] IPUIPlugin:74 - create IPUIPlugin
2022-08-19 09:02:02,903 [INFO] IPUIPlugin:74 - create IPUIPlugin
2022-08-19 09:02:02,903 [INFO] IPUIPlugin:74 - create IPUIPlugin
2022-08-19 09:02:02,903 [INFO] IPUIPlugin:74 - create IPUIPlugin
2022-08-19 09:02:02,903 [INFO] IPUIPlugin:74 - create IPUIPlugin
2022-08-19 09:02:02,903 [INFO] IPUIPlugin:74 - create IPUIPlugin
2022-08-19 09:02:02,903 [INFO] IPUIPlugin:74 - create IPUIPlugin
2022-08-19 09:02:02,903 [INFO] IPUIPlugin:74 - create IPUIPlugin
2022-08-19 09:02:02,903 [INFO] IPUIPlugin:74 - create IPUIPlugin
2022-08-19 09:02:02,903 [INFO] IPUIPlugin:74 - create IPUIPlugin
2022-08-19 09:02:02,903 [INFO] IPUIPlugin:74 - create IPUIPlugin
2022-08-19 09:02:02,919 [INFO] IPUIPlugin:74 - create IPUIPlugin
2022-08-19 09:02:02,919 [INFO] IPUIPlugin:74 - create IPUIPlugin
2022-08-19 09:02:02,919 [INFO] IPUIPlugin:74 - create IPUIPlugin
2022-08-19 09:02:02,919 [INFO] IPUIPlugin:74 - create IPUIPlugin
2022-08-19 09:02:02,919 [INFO] IPUIPlugin:74 - create IPUIPlugin
2022-08-19 09:02:02,919 [INFO] IPUIPlugin:74 - create IPUIPlugin
2022-08-19 09:02:02,919 [INFO] IPUIPlugin:74 - create IPUIPlugin
2022-08-19 09:02:02,919 [INFO] IPUIPlugin:74 - create IPUIPlugin
2022-08-19 09:02:02,919 [INFO] IPUIPlugin:74 - create IPUIPlugin
2022-08-19 09:02:02,919 [INFO] IPUIPlugin:74 - create IPUIPlugin
2022-08-19 09:02:02,919 [INFO] IPUIPlugin:74 - create IPUIPlugin
2022-08-19 09:02:02,919 [INFO] IPUIPlugin:74 - create IPUIPlugin
2022-08-19 09:02:02,919 [INFO] IPUIPlugin:74 - create IPUIPlugin
2022-08-19 09:02:02,919 [INFO] IPUIPlugin:74 - create IPUIPlugin
2022-08-19 09:02:02,919 [INFO] IPUIPlugin:74 - create IPUIPlugin
2022-08-19 09:02:02,919 [INFO] IPUIPlugin:74 - create IPUIPlugin
2022-08-19 09:02:02,919 [INFO] IPUIPlugin:74 - create IPUIPlugin
2022-08-19 09:02:02,919 [INFO] IPUIPlugin:74 - create IPUIPlugin
2022-08-19 09:02:02,919 [INFO] IPUIPlugin:74 - create IPUIPlugin
2022-08-19 09:02:02,919 [INFO] IPUIPlugin:74 - create IPUIPlugin
2022-08-19 09:02:02,919 [INFO] IPUIPlugin:74 - create IPUIPlugin
2022-08-19 09:02:02,919 [INFO] IPUIPlugin:74 - create IPUIPlugin
2022-08-19 09:02:02,919 [INFO] IPUIPlugin:74 - create IPUIPlugin
2022-08-19 09:02:02,919 [INFO] IPUIPlugin:74 - create IPUIPlugin
2022-08-19 09:02:02,919 [INFO] IPUIPlugin:74 - create IPUIPlugin
2022-08-19 09:02:02,919 [INFO] IPUIPlugin:74 - create IPUIPlugin
2022-08-19 09:02:02,919 [INFO] IPUIPlugin:74 - create IPUIPlugin
2022-08-19 09:02:02,919 [INFO] IPUIPlugin:74 - create IPUIPlugin
2022-08-19 09:02:02,919 [INFO] IPUIPlugin:74 - create IPUIPlugin
2022-08-19 09:02:02,981 [INFO] ApiDbMcu:468 - Load IP Config File for PDM2PCM
2022-08-19 09:02:03,081 [INFO] OpenFileManager:333 - Restore cursor
2022-08-19 09:02:03,350 [INFO] UtilMem:74 - End SaveConfig() Used Memory: 845807824 Bytes (1021313024)
2022-08-19 09:02:03,481 [INFO] ServerAccessManage:362 - Download File stm32cube_fw_f4_v1260.zip
2022-08-19 09:03:08,310 [ERROR] FileExtend:450 - File entry not found
2022-08-19 09:03:08,311 [INFO] FileExtend:235 - Unzip File : stm32cube_fw_f4_v1260.zip
2022-08-19 09:03:08,312 [INFO] FileExtend:250 - Standard Zip Deflate
2022-08-19 09:06:39,786 [INFO] ServerAccessManage:362 - Download File stm32cube_fw_f4_v1262.zip
2022-08-19 09:07:05,574 [INFO] FileExtend:235 - Unzip File : stm32cube_fw_f4_v1262.zip
2022-08-19 09:07:05,574 [INFO] FileExtend:250 - Standard Zip Deflate
2022-08-19 09:09:29,229 [INFO] LoadServerPackagesThread:180 - End of LoadServerPackages Thread
2022-08-19 09:09:29,403 [INFO] UtilMem:74 - End SaveConfig() Used Memory: 888027424 Bytes (1073741824)
2022-08-19 09:09:29,738 [INFO] BlockDiagram:2740 - set Specific Code input for plugin: SYS
2022-08-19 09:09:29,738 [INFO] BlockDiagram:2740 - set Specific Code input for plugin: RCC
2022-08-19 09:09:29,738 [INFO] BlockDiagram:2740 - set Specific Code input for plugin: NVIC
2022-08-19 09:09:29,764 [INFO] CodeGenerator:663 - code generatio: config db path: C:\ST\STM32CubeIDE_1.7.0\STM32CubeIDE\plugins\com.st.stm32cube.common.mx_6.3.0.202107141111\\db\
2022-08-19 09:09:30,265 [INFO] CodeEngine:239 - oldGeneratedFile, E:\3004\mdp\MXTmpFiles\license.tmp_save
2022-08-19 09:09:30,304 [INFO] CheckServerUpdateThread:112 - End of CheckServer Thread
2022-08-19 09:09:30,599 [INFO] CodeEngine:257 - Generated code: E:\3004\mdp\MXTmpFiles\license.tmp
2022-08-19 09:09:30,714 [INFO] CodeEngine:239 - oldGeneratedFile, E:\3004\mdp\Core\Src\stm32f4xx_it.c_save
2022-08-19 09:09:30,808 [INFO] CodeEngine:257 - Generated code: E:\3004\mdp\Core\Src\stm32f4xx_it.c
2022-08-19 09:09:30,826 [INFO] CodeEngine:239 - oldGeneratedFile, E:\3004\mdp\Core\Inc\stm32f4xx_it.h_save
2022-08-19 09:09:30,868 [INFO] CodeEngine:257 - Generated code: E:\3004\mdp\Core\Inc\stm32f4xx_it.h
2022-08-19 09:09:30,907 [INFO] CodeEngine:239 - oldGeneratedFile, E:\3004\mdp\Core\Src\stm32f4xx_hal_msp.c_save
2022-08-19 09:09:30,968 [INFO] CodeEngine:257 - Generated code: E:\3004\mdp\Core\Src\stm32f4xx_hal_msp.c
2022-08-19 09:09:30,981 [INFO] CodeEngine:239 - oldGeneratedFile, E:\3004\mdp\MXTmpFiles\system.tmp_save
2022-08-19 09:09:31,029 [INFO] CodeEngine:257 - Generated code: E:\3004\mdp\MXTmpFiles\system.tmp
2022-08-19 09:09:31,055 [INFO] CodeEngine:239 - oldGeneratedFile, E:\3004\mdp\Core\Inc\stm32f4xx_hal_conf.h_save
2022-08-19 09:09:31,143 [INFO] CodeEngine:257 - Generated code: E:\3004\mdp\Core\Inc\stm32f4xx_hal_conf.h
2022-08-19 09:09:31,229 [INFO] CodeEngine:239 - oldGeneratedFile, E:\3004\mdp\Core\Inc\main.h_save
2022-08-19 09:09:31,294 [INFO] CodeEngine:257 - Generated code: E:\3004\mdp\Core\Inc\main.h
2022-08-19 09:09:31,307 [INFO] CodeEngine:239 - oldGeneratedFile, E:\3004\mdp\Core\Src\main.c_save
2022-08-19 09:09:31,408 [INFO] CodeEngine:257 - Generated code: E:\3004\mdp\Core\Src\main.c
2022-08-19 09:09:33,451 [INFO] ProjectBuilder:2578 - Time for Copy HAL[1] : 687mS.
2022-08-19 09:09:33,460 [INFO] ProjectBuilder:3622 - Project Generator version: 3.14.1
2022-08-19 09:09:33,897 [INFO] ConfigFileManager:1271 - The Die is : DIE413
2022-08-19 09:09:33,910 [INFO] ApiDbMcu:468 - Load IP Config File for FATFS
2022-08-19 09:09:33,945 [INFO] ApiDbMcu:468 - Load IP Config File for FREERTOS
2022-08-19 09:09:33,958 [INFO] ApiDbMcu:468 - Load IP Config File for LIBJPEG
2022-08-19 09:09:34,023 [INFO] ApiDbMcu:468 - Load IP Config File for LWIP
2022-08-19 09:09:34,078 [INFO] ApiDbMcu:468 - Load IP Config File for MBEDTLS
2022-08-19 09:09:34,391 [INFO] ApiDbMcu:468 - Load IP Config File for USB_DEVICE
2022-08-19 09:09:34,439 [INFO] ApiDbMcu:468 - Load IP Config File for USB_HOST
2022-08-19 09:09:39,449 [INFO] ProjectBuilder:3789 - Time for Generating toolchain IDE Files: 5989mS.
2022-08-19 09:09:39,449 [INFO] ProjectBuilder:2457 - Time for Copy CMSIS : 0mS.
2022-08-19 09:09:39,452 [INFO] ProjectBuilder:2457 - Time for Copy CMSIS : 0mS.
2022-08-19 09:09:40,055 [INFO] McuFinderGlobals:52 - Set McuFinderConnectedMode to true
2022-08-19 09:09:40,058 [INFO] ApiDb:276 - Save user favorites file C:\Users\deng0091/.stm32cubeide/favorites.mcus.txt: 0 item(s)
2022-08-19 09:09:40,058 [INFO] ApiDb:280 - User favorites MCUs=[]
2022-08-19 09:09:40,061 [INFO] ApiDb:276 - Save user favorites file C:\Users\deng0091/.stm32cubeide/favorites.boards.txt: 0 item(s)
2022-08-19 09:09:40,061 [INFO] ApiDb:280 - User favorites Boards=[]
2022-08-19 09:09:40,067 [INFO] ApiDb:276 - Save user favorites file C:\Users\deng0091/.stm32cubeide/favorites.examples.txt: 0 item(s)
2022-08-19 09:09:40,067 [INFO] ApiDb:280 - User favorites Examples=[]
2022-08-19 09:42:42,362 [INFO] UtilMem:74 - End SaveConfig() Used Memory: 910302744 Bytes (1073741824)
2022-08-19 09:42:43,621 [INFO] UtilMem:74 - End SaveConfig() Used Memory: 943332888 Bytes (1073741824)
2022-08-19 09:42:43,772 [INFO] UtilMem:74 - End SaveConfig() Used Memory: 737282336 Bytes (1073741824)
2022-08-19 09:42:43,974 [INFO] BlockDiagram:2740 - set Specific Code input for plugin: SYS
2022-08-19 09:42:43,974 [INFO] BlockDiagram:2740 - set Specific Code input for plugin: RCC
2022-08-19 09:42:43,974 [INFO] BlockDiagram:2740 - set Specific Code input for plugin: NVIC
2022-08-19 09:42:43,974 [INFO] BlockDiagram:2740 - set Specific Code input for plugin: GPIO
2022-08-19 09:42:43,978 [INFO] CodeGenerator:663 - code generatio: config db path: C:\ST\STM32CubeIDE_1.7.0\STM32CubeIDE\plugins\com.st.stm32cube.common.mx_6.3.0.202107141111\\db\
2022-08-19 09:42:44,346 [INFO] CodeEngine:239 - oldGeneratedFile, E:\3004\mdp\MXTmpFiles\license.tmp_save
2022-08-19 09:42:44,389 [INFO] CodeEngine:257 - Generated code: E:\3004\mdp\MXTmpFiles\license.tmp
2022-08-19 09:42:44,451 [INFO] CodeEngine:239 - oldGeneratedFile, E:\3004\mdp\MXTmpFiles\gpio.tmp_save
2022-08-19 09:42:44,550 [INFO] CodeEngine:257 - Generated code: E:\3004\mdp\MXTmpFiles\gpio.tmp
2022-08-19 09:42:44,602 [INFO] CodeEngine:239 - oldGeneratedFile, E:\3004\mdp\Core\Src\stm32f4xx_it.c_save
2022-08-19 09:42:44,710 [INFO] CodeEngine:257 - Generated code: E:\3004\mdp\Core\Src\stm32f4xx_it.c
2022-08-19 09:42:44,722 [INFO] CodeEngine:239 - oldGeneratedFile, E:\3004\mdp\Core\Inc\stm32f4xx_it.h_save
2022-08-19 09:42:44,786 [INFO] CodeEngine:257 - Generated code: E:\3004\mdp\Core\Inc\stm32f4xx_it.h
2022-08-19 09:42:44,826 [INFO] CodeEngine:239 - oldGeneratedFile, E:\3004\mdp\Core\Src\stm32f4xx_hal_msp.c_save
2022-08-19 09:42:44,910 [INFO] CodeEngine:257 - Generated code: E:\3004\mdp\Core\Src\stm32f4xx_hal_msp.c
2022-08-19 09:42:44,919 [INFO] CodeEngine:239 - oldGeneratedFile, E:\3004\mdp\MXTmpFiles\system.tmp_save
2022-08-19 09:42:44,961 [INFO] CodeEngine:257 - Generated code: E:\3004\mdp\MXTmpFiles\system.tmp
2022-08-19 09:42:44,988 [INFO] CodeEngine:239 - oldGeneratedFile, E:\3004\mdp\Core\Inc\stm32f4xx_hal_conf.h_save
2022-08-19 09:42:45,085 [INFO] CodeEngine:257 - Generated code: E:\3004\mdp\Core\Inc\stm32f4xx_hal_conf.h
2022-08-19 09:42:45,163 [INFO] CodeEngine:239 - oldGeneratedFile, E:\3004\mdp\Core\Inc\main.h_save
2022-08-19 09:42:45,236 [INFO] CodeEngine:257 - Generated code: E:\3004\mdp\Core\Inc\main.h
2022-08-19 09:42:45,263 [INFO] CodeEngine:239 - oldGeneratedFile, E:\3004\mdp\Core\Src\main.c_save
2022-08-19 09:42:45,376 [INFO] CodeEngine:257 - Generated code: E:\3004\mdp\Core\Src\main.c
2022-08-19 09:42:46,627 [INFO] ProjectBuilder:2578 - Time for Copy HAL[1] : 644mS.
2022-08-19 09:42:46,627 [INFO] ProjectBuilder:3622 - Project Generator version: 3.14.1
2022-08-19 09:42:47,051 [INFO] ConfigFileManager:1271 - The Die is : DIE413
2022-08-19 09:42:48,781 [INFO] ProjectBuilder:3789 - Time for Generating toolchain IDE Files: 2154mS.
2022-08-19 09:42:48,785 [INFO] ProjectBuilder:2457 - Time for Copy CMSIS : 4mS.
2022-08-19 09:42:48,785 [INFO] ProjectBuilder:2457 - Time for Copy CMSIS : 0mS.
